Log file open, 02/21/22 06:00:54
LogWindows: Failed to load 'aqProf.dll' (GetLastError=126)
LogWindows: File 'aqProf.dll' does not exist
LogWindows: Failed to load 'VtuneApi.dll' (GetLastError=126)
LogWindows: File 'VtuneApi.dll' does not exist
LogWindows: Failed to load 'VtuneApi32e.dll' (GetLastError=126)
LogWindows: File 'VtuneApi32e.dll' does not exist
LogConsoleResponse: Display: Failed to find resolution value strings in scalability ini. Falling back to default.
LogConsoleResponse: Display: Failed to find resolution value strings in scalability ini. Falling back to default.
LogInit: Display: Running engine for game: MarbleRun
LogPlatformFile: Not using cached read wrapper
LogTaskGraph: Started task graph with 5 named threads and 47 total threads with 3 sets of task threads.
LogStats: Stats thread started at 0.214331
LogICUInternationalization: ICU TimeZone Detection - Raw Offset: +0:00, Platform Override: ''
LogInit: Display: Loading text-based GConfig....
LogPluginManager: Mounting plugin MeshPainting
LogPluginManager: Mounting plugin XGEController
LogPluginManager: Mounting plugin Paper2D
LogPluginManager: Mounting plugin LiveLink
LogPluginManager: Mounting plugin AISupport
LogPluginManager: Mounting plugin EnvironmentQueryEditor
LogPluginManager: Mounting plugin CameraShakePreviewer
LogPluginManager: Mounting plugin GameplayCameras
LogPluginManager: Mounting plugin LightPropagationVolume
LogPluginManager: Mounting plugin AnimationSharing
LogPluginManager: Mounting plugin CLionSourceCodeAccess
LogPluginManager: Mounting plugin CodeLiteSourceCodeAccess
LogPluginManager: Mounting plugin KDevelopSourceCodeAccess
LogPluginManager: Mounting plugin GitSourceControl
LogPluginManager: Mounting plugin NullSourceCodeAccess
LogPluginManager: Mounting plugin PerforceSourceControl
LogPluginManager: Mounting plugin PixWinPlugin
LogPluginManager: Mounting plugin PlasticSourceControl
LogPluginManager: Mounting plugin PropertyAccessNode
LogPluginManager: Mounting plugin PluginUtils
LogPluginManager: Mounting plugin RiderSourceCodeAccess
LogPluginManager: Mounting plugin TextureFormatOodle
LogPluginManager: Mounting plugin UObjectPlugin
LogPluginManager: Mounting plugin SubversionSourceControl
LogPluginManager: Mounting plugin VisualStudioSourceCodeAccess
LogPluginManager: Mounting plugin AssetManagerEditor
LogPluginManager: Mounting plugin VisualStudioCodeSourceCodeAccess
LogPluginManager: Mounting plugin CurveEditorTools
LogPluginManager: Mounting plugin CryptoKeys
LogPluginManager: Mounting plugin DataValidation
LogPluginManager: Mounting plugin FacialAnimation
LogPluginManager: Mounting plugin OodleData
LogPluginManager: Mounting plugin GeometryMode
LogPluginManager: Mounting plugin GameplayTagsEditor
LogPluginManager: Mounting plugin MaterialAnalyzer
LogPluginManager: Mounting plugin MacGraphicsSwitching
LogPluginManager: Mounting plugin PluginBrowser
LogPluginManager: Mounting plugin XCodeSourceCodeAccess
LogPluginManager: Mounting plugin MobileLauncherProfileWizard
LogPluginManager: Mounting plugin SpeedTreeImporter
LogPluginManager: Mounting plugin AlembicImporter
LogPluginManager: Mounting plugin AutomationUtils
LogPluginManager: Mounting plugin BackChannel
LogPluginManager: Mounting plugin ChaosCloth
LogPluginManager: Mounting plugin ChaosClothEditor
LogPluginManager: Mounting plugin ChaosEditor
LogPluginManager: Mounting plugin ChaosNiagara
LogPluginManager: Mounting plugin ChaosSolverPlugin
LogPluginManager: Mounting plugin CharacterAI
LogPluginManager: Mounting plugin OodleNetwork
LogPluginManager: Mounting plugin GeometryCache
LogPluginManager: Mounting plugin GeometryCollectionPlugin
LogPluginManager: Mounting plugin GeometryProcessing
LogPluginManager: Mounting plugin OpenImageDenoise
LogPluginManager: Mounting plugin MotoSynth
LogPluginManager: Mounting plugin PlanarCut
LogPluginManager: Mounting plugin PlatformCrypto
LogPluginManager: Mounting plugin ProxyLODPlugin
LogPluginManager: Mounting plugin PythonScriptPlugin
LogPluginManager: Mounting plugin SkeletalReduction
LogPluginManager: Mounting plugin Niagara
LogPluginManager: Mounting plugin LuminPlatformFeatures
LogPluginManager: Mounting plugin MagicLeap
LogPluginManager: Mounting plugin MagicLeapLightEstimation
LogPluginManager: Mounting plugin MagicLeapMedia
LogPluginManager: Mounting plugin MagicLeapPassableWorld
LogPluginManager: Mounting plugin MLSDK
LogPluginManager: Mounting plugin AndroidMedia
LogPluginManager: Mounting plugin AvfMedia
LogPluginManager: Mounting plugin ImgMedia
LogPluginManager: Mounting plugin MediaCompositing
LogPluginManager: Mounting plugin MediaPlayerEditor
LogPluginManager: Mounting plugin WebMMedia
LogPluginManager: Mounting plugin WmfMedia
LogPluginManager: Mounting plugin TcpMessaging
LogPluginManager: Mounting plugin ActorSequence
LogPluginManager: Mounting plugin UdpMessaging
LogPluginManager: Mounting plugin LevelSequenceEditor
LogPluginManager: Mounting plugin TemplateSequence
LogPluginManager: Mounting plugin LauncherChunkInstaller
LogPluginManager: Mounting plugin OnlineSubsystem
LogPluginManager: Mounting plugin OnlineSubsystemNull
LogPluginManager: Mounting plugin OnlineSubsystemUtils
LogPluginManager: Mounting plugin ActorLayerUtilities
LogPluginManager: Mounting plugin AndroidDeviceProfileSelector
LogPluginManager: Mounting plugin AndroidMoviePlayer
LogPluginManager: Mounting plugin AndroidPermission
LogPluginManager: Mounting plugin DatasmithContent
LogPluginManager: Mounting plugin AppleImageUtils
LogPluginManager: Mounting plugin AppleMoviePlayer
LogPluginManager: Mounting plugin ArchVisCharacter
LogPluginManager: Mounting plugin AssetTags
LogPluginManager: Mounting plugin AudioCapture
LogPluginManager: Mounting plugin AudioSynesthesia
LogPluginManager: Mounting plugin VariantManagerContent
LogPluginManager: Mounting plugin CableComponent
LogPluginManager: Mounting plugin CustomMeshComponent
LogPluginManager: Mounting plugin ChunkDownloader
LogPluginManager: Mounting plugin EditableMesh
LogPluginManager: Mounting plugin ExampleDeviceProfileSelector
LogPluginManager: Mounting plugin GooglePAD
LogPluginManager: Mounting plugin GoogleCloudMessaging
LogPluginManager: Mounting plugin ScreenshotTools
LogPluginManager: Mounting plugin IOSDeviceProfileSelector
LogPluginManager: Mounting plugin LinuxDeviceProfileSelector
LogPluginManager: Mounting plugin MatineeToLevelSequence
LogPluginManager: Mounting plugin LocationServicesBPLibrary
LogPluginManager: Mounting plugin Takes
LogPluginManager: Mounting plugin MobilePatchingUtils
LogPluginManager: Mounting plugin OpenXR
LogPluginManager: Mounting plugin OpenXREyeTracker
LogPluginManager: Mounting plugin OpenXRHandTracking
LogPluginManager: Mounting plugin PhysXVehicles
LogPluginManager: Mounting plugin ProceduralMeshComponent
LogPluginManager: Mounting plugin PostSplashScreen
LogPluginManager: Mounting plugin PropertyAccessEditor
LogPluginManager: Mounting plugin RuntimePhysXCooking
LogPluginManager: Mounting plugin SignificanceManager
LogPluginManager: Mounting plugin SoundFields
LogPluginManager: Mounting plugin Synthesis
LogPluginManager: Mounting plugin WebMMoviePlayer
LogPluginManager: Mounting plugin WindowsMoviePlayer
LogPluginManager: Mounting plugin ContentBrowserAssetDataSource
LogPluginManager: Mounting plugin ContentBrowserClassDataSource
LogPluginManager: Mounting plugin ContentBrowserFileDataSource
LogPluginManager: Mounting plugin OnlineSubsystemGooglePlay
LogPluginManager: Mounting plugin OnlineSubsystemIOS
LogPluginManager: Mounting plugin OculusVR
LogPluginManager: Mounting plugin SteamVR
PixWinPlugin: PIX capture plugin failed to initialize! Check that the process is launched from PIX.
LogInit: Using libcurl 7.55.1-DEV
LogInit:  - built for x86_64-pc-win32
LogInit:  - supports SSL with OpenSSL/1.1.1
LogInit:  - supports HTTP deflate (compression) using libz 1.2.8
LogInit:  - other features:
LogInit:      CURL_VERSION_SSL
LogInit:      CURL_VERSION_LIBZ
LogInit:      CURL_VERSION_IPV6
LogInit:      CURL_VERSION_ASYNCHDNS
LogInit:      CURL_VERSION_LARGEFILE
LogInit:      CURL_VERSION_IDN
LogInit:  CurlRequestOptions (configurable via config and command line):
LogInit:  - bVerifyPeer = true  - Libcurl will verify peer certificate
LogInit:  - bUseHttpProxy = false  - Libcurl will NOT use HTTP proxy
LogInit:  - bDontReuseConnections = false  - Libcurl will reuse connections
LogInit:  - MaxHostConnections = 16  - Libcurl will limit the number of connections to a host
LogInit:  - LocalHostAddr = Default
LogInit:  - BufferSize = 65536
LogOnline: OSS: Creating online subsystem instance for: NULL
LogInit: WinSock: version 1.1 (2.2), MaxSocks=32767, MaxUdp=65467
LogOnline: OSS: TryLoadSubsystemAndSetDefault: Loaded subsystem for module [NULL]
LogOculusPluginWrapper: OculusPlugin initialized successfully
LogHMD: Failed initializing OVRPlugin 1.59.0
LogInit: Build: ++UE4+Release-4.27-CL-18319896
LogInit: Engine Version: 4.27.2-18319896+++UE4+Release-4.27
LogInit: Compatible Engine Version: 4.27.0-17155196+++UE4+Release-4.27
LogInit: Net CL: 17155196
LogInit: OS: Windows 10 (Release 2009) (), CPU: Intel(R) Core(TM) i9-9900K CPU @ 3.60GHz, GPU: NVIDIA GeForce RTX 2080 Ti
LogInit: Compiled (64-bit): Nov 30 2021 07:12:08
LogInit: Compiled with Visual C++: 19.24.28315.00
LogInit: Build Configuration: Development
LogInit: Branch Name: ++UE4+Release-4.27
LogInit: Command Line: 
LogInit: Base Directory: D:/Program Files/Epic Games/UE_4.27/Engine/Binaries/Win64/
LogInit: Allocator: TBB
LogInit: Installed Engine Build: 1
LogDevObjectVersion: Number of dev versions registered: 29
LogDevObjectVersion:   Dev-Blueprints (B0D832E4-1F89-4F0D-ACCF-7EB736FD4AA2): 10
LogDevObjectVersion:   Dev-Build (E1C64328-A22C-4D53-A36C-8E866417BD8C): 0
LogDevObjectVersion:   Dev-Core (375EC13C-06E4-48FB-B500-84F0262A717E): 4
LogDevObjectVersion:   Dev-Editor (E4B068ED-F494-42E9-A231-DA0B2E46BB41): 40
LogDevObjectVersion:   Dev-Framework (CFFC743F-43B0-4480-9391-14DF171D2073): 37
LogDevObjectVersion:   Dev-Mobile (B02B49B5-BB20-44E9-A304-32B752E40360): 3
LogDevObjectVersion:   Dev-Networking (A4E4105C-59A1-49B5-A7C5-40C4547EDFEE): 0
LogDevObjectVersion:   Dev-Online (39C831C9-5AE6-47DC-9A44-9C173E1C8E7C): 0
LogDevObjectVersion:   Dev-Physics (78F01B33-EBEA-4F98-B9B4-84EACCB95AA2): 14
LogDevObjectVersion:   Dev-Platform (6631380F-2D4D-43E0-8009-CF276956A95A): 0
LogDevObjectVersion:   Dev-Rendering (12F88B9F-8875-4AFC-A67C-D90C383ABD29): 45
LogDevObjectVersion:   Dev-Sequencer (7B5AE74C-D270-4C10-A958-57980B212A5A): 13
LogDevObjectVersion:   Dev-VR (D7296918-1DD6-4BDD-9DE2-64A83CC13884): 3
LogDevObjectVersion:   Dev-LoadTimes (C2A15278-BFE7-4AFE-6C17-90FF531DF755): 1
LogDevObjectVersion:   Private-Geometry (6EACA3D4-40EC-4CC1-B786-8BED09428FC5): 3
LogDevObjectVersion:   Dev-AnimPhys (29E575DD-E0A3-4627-9D10-D276232CDCEA): 17
LogDevObjectVersion:   Dev-Anim (AF43A65D-7FD3-4947-9873-3E8ED9C1BB05): 15
LogDevObjectVersion:   Dev-ReflectionCapture (6B266CEC-1EC7-4B8F-A30B-E4D90942FC07): 1
LogDevObjectVersion:   Dev-Automation (0DF73D61-A23F-47EA-B727-89E90C41499A): 1
LogDevObjectVersion:   FortniteMain (601D1886-AC64-4F84-AA16-D3DE0DEAC7D6): 47
LogDevObjectVersion:   FortniteRelease (E7086368-6B23-4C58-8439-1B7016265E91): 1
LogDevObjectVersion:   Dev-Enterprise (9DFFBCD6-494F-0158-E221-12823C92A888): 10
LogDevObjectVersion:   Dev-Niagara (F2AED0AC-9AFE-416F-8664-AA7FFA26D6FC): 1
LogDevObjectVersion:   Dev-Destruction (174F1F0B-B4C6-45A5-B13F-2EE8D0FB917D): 10
LogDevObjectVersion:   Dev-Physics-Ext (35F94A83-E258-406C-A318-09F59610247C): 41
LogDevObjectVersion:   Dev-PhysicsMaterial-Chaos (B68FC16E-8B1B-42E2-B453-215C058844FE): 1
LogDevObjectVersion:   Dev-CineCamera (B2E18506-4273-CFC2-A54E-F4BB758BBA07): 1
LogDevObjectVersion:   Dev-VirtualProduction (64F58936-FD1B-42BA-BA96-7289D5D0FA4E): 1
LogDevObjectVersion:   Dev-MediaFramework (6F0ED827-A609-4895-9C91-998D90180EA4): 2
LogInit: Presizing for max 25165824 objects, including 0 objects not considered by GC, pre-allocating 0 bytes for permanent pool.
LogConfig: Applying CVar settings from Section [/Script/Engine.StreamingSettings] File [D:/UnrealProjects/MarbleRun/Saved/Config/Windows/Engine.ini]
LogConfig: Setting CVar [[s.MinBulkDataSizeForAsyncLoading:131072]]
LogConfig: Setting CVar [[s.AsyncLoadingThreadEnabled:0]]
LogConfig: Setting CVar [[s.EventDrivenLoaderEnabled:1]]
LogConfig: Setting CVar [[s.WarnIfTimeLimitExceeded:0]]
LogConfig: Setting CVar [[s.TimeLimitExceededMultiplier:1.5]]
LogConfig: Setting CVar [[s.TimeLimitExceededMinTime:0.005]]
LogConfig: Setting CVar [[s.UseBackgroundLevelStreaming:1]]
LogConfig: Setting CVar [[s.PriorityAsyncLoadingExtraTime:15.0]]
LogConfig: Setting CVar [[s.LevelStreamingActorsUpdateTimeLimit:5.0]]
LogConfig: Setting CVar [[s.PriorityLevelStreamingActorsUpdateExtraTime:5.0]]
LogConfig: Setting CVar [[s.LevelStreamingComponentsRegistrationGranularity:10]]
LogConfig: Setting CVar [[s.UnregisterComponentsTimeLimit:1.0]]
LogConfig: Setting CVar [[s.LevelStreamingComponentsUnregistrationGranularity:5]]
LogConfig: Setting CVar [[s.FlushStreamingOnExit:1]]
LogInit: Object subsystem initialized
LogConfig: Setting CVar [[con.DebugEarlyDefault:1]]
LogConfig: Setting CVar [[r.setres:1280x720]]
[2022.02.21-06.00.55:669][  0]LogConfig: Setting CVar [[r.VSync:0]]
[2022.02.21-06.00.55:669][  0]LogConfig: Setting CVar [[r.RHICmdBypass:0]]
[2022.02.21-06.00.55:669][  0]LogConfig: Applying CVar settings from Section [/Script/Engine.RendererSettings] File [D:/UnrealProjects/MarbleRun/Saved/Config/Windows/Engine.ini]
[2022.02.21-06.00.55:669][  0]LogConfig: Setting CVar [[r.GPUCrashDebugging:0]]
[2022.02.21-06.00.55:669][  0]LogConfig: Applying CVar settings from Section [/Script/Engine.RendererOverrideSettings] File [D:/UnrealProjects/MarbleRun/Saved/Config/Windows/Engine.ini]
[2022.02.21-06.00.55:669][  0]LogConfig: Applying CVar settings from Section [/Script/Engine.StreamingSettings] File [D:/UnrealProjects/MarbleRun/Saved/Config/Windows/Engine.ini]
[2022.02.21-06.00.55:669][  0]LogConfig: Setting CVar [[s.MinBulkDataSizeForAsyncLoading:131072]]
[2022.02.21-06.00.55:669][  0]LogConfig: Setting CVar [[s.AsyncLoadingThreadEnabled:0]]
[2022.02.21-06.00.55:669][  0]LogConfig: Setting CVar [[s.EventDrivenLoaderEnabled:1]]
[2022.02.21-06.00.55:669][  0]LogConfig: Setting CVar [[s.WarnIfTimeLimitExceeded:0]]
[2022.02.21-06.00.55:669][  0]LogConfig: Setting CVar [[s.TimeLimitExceededMultiplier:1.5]]
[2022.02.21-06.00.55:670][  0]LogConfig: Setting CVar [[s.TimeLimitExceededMinTime:0.005]]
[2022.02.21-06.00.55:670][  0]LogConfig: Setting CVar [[s.UseBackgroundLevelStreaming:1]]
[2022.02.21-06.00.55:670][  0]LogConfig: Setting CVar [[s.PriorityAsyncLoadingExtraTime:15.0]]
[2022.02.21-06.00.55:670][  0]LogConfig: Setting CVar [[s.LevelStreamingActorsUpdateTimeLimit:5.0]]
[2022.02.21-06.00.55:670][  0]LogConfig: Setting CVar [[s.PriorityLevelStreamingActorsUpdateExtraTime:5.0]]
[2022.02.21-06.00.55:670][  0]LogConfig: Setting CVar [[s.LevelStreamingComponentsRegistrationGranularity:10]]
[2022.02.21-06.00.55:670][  0]LogConfig: Setting CVar [[s.UnregisterComponentsTimeLimit:1.0]]
[2022.02.21-06.00.55:670][  0]LogConfig: Setting CVar [[s.LevelStreamingComponentsUnregistrationGranularity:5]]
[2022.02.21-06.00.55:670][  0]LogConfig: Setting CVar [[s.FlushStreamingOnExit:1]]
[2022.02.21-06.00.55:670][  0]LogConfig: Applying CVar settings from Section [/Script/Engine.GarbageCollectionSettings] File [D:/UnrealProjects/MarbleRun/Saved/Config/Windows/Engine.ini]
[2022.02.21-06.00.55:670][  0]LogConfig: Setting CVar [[gc.MaxObjectsNotConsideredByGC:1]]
[2022.02.21-06.00.55:670][  0]LogConfig: Setting CVar [[gc.SizeOfPermanentObjectPool:0]]
[2022.02.21-06.00.55:670][  0]LogConfig: Setting CVar [[gc.FlushStreamingOnGC:0]]
[2022.02.21-06.00.55:670][  0]LogConfig: Setting CVar [[gc.NumRetriesBeforeForcingGC:10]]
[2022.02.21-06.00.55:670][  0]LogConfig: Setting CVar [[gc.AllowParallelGC:1]]
[2022.02.21-06.00.55:670][  0]LogConfig: Setting CVar [[gc.TimeBetweenPurgingPendingKillObjects:61.1]]
[2022.02.21-06.00.55:670][  0]LogConfig: Setting CVar [[gc.MaxObjectsInEditor:25165824]]
[2022.02.21-06.00.55:670][  0]LogConfig: Setting CVar [[gc.IncrementalBeginDestroyEnabled:1]]
[2022.02.21-06.00.55:670][  0]LogConfig: Setting CVar [[gc.CreateGCClusters:1]]
[2022.02.21-06.00.55:670][  0]LogConfig: Setting CVar [[gc.MinGCClusterSize:5]]
[2022.02.21-06.00.55:670][  0]LogConfig: Setting CVar [[gc.ActorClusteringEnabled:0]]
[2022.02.21-06.00.55:670][  0]LogConfig: Setting CVar [[gc.BlueprintClusteringEnabled:0]]
[2022.02.21-06.00.55:670][  0]LogConfig: Setting CVar [[gc.UseDisregardForGCOnDedicatedServers:0]]
[2022.02.21-06.00.55:670][  0]LogConfig: Setting CVar [[gc.MultithreadedDestructionEnabled:1]]
[2022.02.21-06.00.55:670][  0]LogConfig: Applying CVar settings from Section [/Script/Engine.NetworkSettings] File [D:/UnrealProjects/MarbleRun/Saved/Config/Windows/Engine.ini]
[2022.02.21-06.00.55:670][  0]LogConfig: Applying CVar settings from Section [/Script/UnrealEd.CookerSettings] File [D:/UnrealProjects/MarbleRun/Saved/Config/Windows/Engine.ini]
[2022.02.21-06.00.55:679][  0]LogConfig: Applying CVar settings from Section [ViewDistanceQuality@3] File [D:/UnrealProjects/MarbleRun/Saved/Config/Windows/Scalability.ini]
[2022.02.21-06.00.55:679][  0]LogConfig: Setting CVar [[r.SkeletalMeshLODBias:0]]
[2022.02.21-06.00.55:679][  0]LogConfig: Setting CVar [[r.ViewDistanceScale:1.0]]
[2022.02.21-06.00.55:679][  0]LogConfig: Applying CVar settings from Section [AntiAliasingQuality@3] File [D:/UnrealProjects/MarbleRun/Saved/Config/Windows/Scalability.ini]
[2022.02.21-06.00.55:679][  0]LogConfig: Setting CVar [[r.PostProcessAAQuality:4]]
[2022.02.21-06.00.55:679][  0]LogConfig: Applying CVar settings from Section [ShadowQuality@3] File [D:/UnrealProjects/MarbleRun/Saved/Config/Windows/Scalability.ini]
[2022.02.21-06.00.55:679][  0]LogConfig: Setting CVar [[r.LightFunctionQuality:1]]
[2022.02.21-06.00.55:679][  0]LogConfig: Setting CVar [[r.ShadowQuality:5]]
[2022.02.21-06.00.55:679][  0]LogConfig: Setting CVar [[r.Shadow.CSM.MaxCascades:10]]
[2022.02.21-06.00.55:679][  0]LogConfig: Setting CVar [[r.Shadow.MaxResolution:2048]]
[2022.02.21-06.00.55:679][  0]LogConfig: Setting CVar [[r.Shadow.MaxCSMResolution:2048]]
[2022.02.21-06.00.55:679][  0]LogConfig: Setting CVar [[r.Shadow.RadiusThreshold:0.01]]
[2022.02.21-06.00.55:679][  0]LogConfig: Setting CVar [[r.Shadow.DistanceScale:1.0]]
[2022.02.21-06.00.55:679][  0]LogConfig: Setting CVar [[r.Shadow.CSM.TransitionScale:1.0]]
[2022.02.21-06.00.55:679][  0]LogConfig: Setting CVar [[r.Shadow.PreShadowResolutionFactor:1.0]]
[2022.02.21-06.00.55:679][  0]LogConfig: Setting CVar [[r.DistanceFieldShadowing:1]]
[2022.02.21-06.00.55:679][  0]LogConfig: Setting CVar [[r.DistanceFieldAO:1]]
[2022.02.21-06.00.55:679][  0]LogConfig: Setting CVar [[r.AOQuality:2]]
[2022.02.21-06.00.55:679][  0]LogConfig: Setting CVar [[r.VolumetricFog:1]]
[2022.02.21-06.00.55:679][  0]LogConfig: Setting CVar [[r.VolumetricFog.GridPixelSize:8]]
[2022.02.21-06.00.55:679][  0]LogConfig: Setting CVar [[r.VolumetricFog.GridSizeZ:128]]
[2022.02.21-06.00.55:679][  0]LogConfig: Setting CVar [[r.VolumetricFog.HistoryMissSupersampleCount:4]]
[2022.02.21-06.00.55:679][  0]LogConfig: Setting CVar [[r.LightMaxDrawDistanceScale:1]]
[2022.02.21-06.00.55:679][  0]LogConfig: Setting CVar [[r.CapsuleShadows:1]]
[2022.02.21-06.00.55:679][  0]LogConfig: Applying CVar settings from Section [PostProcessQuality@3] File [D:/UnrealProjects/MarbleRun/Saved/Config/Windows/Scalability.ini]
[2022.02.21-06.00.55:679][  0]LogConfig: Setting CVar [[r.MotionBlurQuality:4]]
[2022.02.21-06.00.55:679][  0]LogConfig: Setting CVar [[r.AmbientOcclusionMipLevelFactor:0.4]]
[2022.02.21-06.00.55:679][  0]LogConfig: Setting CVar [[r.AmbientOcclusionMaxQuality:100]]
[2022.02.21-06.00.55:679][  0]LogConfig: Setting CVar [[r.AmbientOcclusionLevels:-1]]
[2022.02.21-06.00.55:679][  0]LogConfig: Setting CVar [[r.AmbientOcclusionRadiusScale:1.0]]
[2022.02.21-06.00.55:679][  0]LogConfig: Setting CVar [[r.DepthOfFieldQuality:2]]
[2022.02.21-06.00.55:679][  0]LogConfig: Setting CVar [[r.RenderTargetPoolMin:400]]
[2022.02.21-06.00.55:679][  0]LogConfig: Setting CVar [[r.LensFlareQuality:2]]
[2022.02.21-06.00.55:679][  0]LogConfig: Setting CVar [[r.SceneColorFringeQuality:1]]
[2022.02.21-06.00.55:679][  0]LogConfig: Setting CVar [[r.EyeAdaptationQuality:2]]
[2022.02.21-06.00.55:679][  0]LogConfig: Setting CVar [[r.BloomQuality:5]]
[2022.02.21-06.00.55:679][  0]LogConfig: Setting CVar [[r.FastBlurThreshold:100]]
[2022.02.21-06.00.55:679][  0]LogConfig: Setting CVar [[r.Upscale.Quality:3]]
[2022.02.21-06.00.55:679][  0]LogConfig: Setting CVar [[r.Tonemapper.GrainQuantization:1]]
[2022.02.21-06.00.55:679][  0]LogConfig: Setting CVar [[r.LightShaftQuality:1]]
[2022.02.21-06.00.55:679][  0]LogConfig: Setting CVar [[r.Filter.SizeScale:1]]
[2022.02.21-06.00.55:679][  0]LogConfig: Setting CVar [[r.Tonemapper.Quality:5]]
[2022.02.21-06.00.55:679][  0]LogConfig: Setting CVar [[r.DOF.Gather.AccumulatorQuality:1        ; higher gathering accumulator quality]]
[2022.02.21-06.00.55:679][  0]LogConfig: Setting CVar [[r.DOF.Gather.PostfilterMethod:1          ; Median3x3 postfilering method]]
[2022.02.21-06.00.55:679][  0]LogConfig: Setting CVar [[r.DOF.Gather.EnableBokehSettings:0       ; no bokeh simulation when gathering]]
[2022.02.21-06.00.55:679][  0]LogConfig: Setting CVar [[r.DOF.Gather.RingCount:4                 ; medium number of samples when gathering]]
[2022.02.21-06.00.55:679][  0]LogConfig: Setting CVar [[r.DOF.Scatter.ForegroundCompositing:1    ; additive foreground scattering]]
[2022.02.21-06.00.55:679][  0]LogConfig: Setting CVar [[r.DOF.Scatter.BackgroundCompositing:2    ; additive background scattering]]
[2022.02.21-06.00.55:679][  0]LogConfig: Setting CVar [[r.DOF.Scatter.EnableBokehSettings:1      ; bokeh simulation when scattering]]
[2022.02.21-06.00.55:679][  0]LogConfig: Setting CVar [[r.DOF.Scatter.MaxSpriteRatio:0.1         ; only a maximum of 10% of scattered bokeh]]
[2022.02.21-06.00.55:679][  0]LogConfig: Setting CVar [[r.DOF.Recombine.Quality:1                ; cheap slight out of focus]]
[2022.02.21-06.00.55:679][  0]LogConfig: Setting CVar [[r.DOF.Recombine.EnableBokehSettings:0    ; no bokeh simulation on slight out of focus]]
[2022.02.21-06.00.55:679][  0]LogConfig: Setting CVar [[r.DOF.TemporalAAQuality:1                ; more stable temporal accumulation]]
[2022.02.21-06.00.55:679][  0]LogConfig: Setting CVar [[r.DOF.Kernel.MaxForegroundRadius:0.025]]
[2022.02.21-06.00.55:679][  0]LogConfig: Setting CVar [[r.DOF.Kernel.MaxBackgroundRadius:0.025]]
[2022.02.21-06.00.55:679][  0]LogConfig: Applying CVar settings from Section [TextureQuality@3] File [D:/UnrealProjects/MarbleRun/Saved/Config/Windows/Scalability.ini]
[2022.02.21-06.00.55:679][  0]LogConfig: Setting CVar [[r.Streaming.MipBias:0]]
[2022.02.21-06.00.55:679][  0]LogConfig: Setting CVar [[r.Streaming.AmortizeCPUToGPUCopy:0]]
[2022.02.21-06.00.55:679][  0]LogConfig: Setting CVar [[r.Streaming.MaxNumTexturesToStreamPerFrame:0]]
[2022.02.21-06.00.55:679][  0]LogConfig: Setting CVar [[r.Streaming.Boost:1]]
[2022.02.21-06.00.55:679][  0]LogConfig: Setting CVar [[r.MaxAnisotropy:8]]
[2022.02.21-06.00.55:679][  0]LogConfig: Setting CVar [[r.VT.MaxAnisotropy:8]]
[2022.02.21-06.00.55:679][  0]LogConfig: Setting CVar [[r.Streaming.LimitPoolSizeToVRAM:0]]
[2022.02.21-06.00.55:679][  0]LogConfig: Setting CVar [[r.Streaming.PoolSize:1000]]
[2022.02.21-06.00.55:679][  0]LogConfig: Setting CVar [[r.Streaming.MaxEffectiveScreenSize:0]]
[2022.02.21-06.00.55:679][  0]LogConfig: Applying CVar settings from Section [EffectsQuality@3] File [D:/UnrealProjects/MarbleRun/Saved/Config/Windows/Scalability.ini]
[2022.02.21-06.00.55:679][  0]LogConfig: Setting CVar [[r.TranslucencyLightingVolumeDim:64]]
[2022.02.21-06.00.55:679][  0]LogConfig: Setting CVar [[r.RefractionQuality:2]]
[2022.02.21-06.00.55:679][  0]LogConfig: Setting CVar [[r.SSR.Quality:3]]
[2022.02.21-06.00.55:679][  0]LogConfig: Setting CVar [[r.SSR.HalfResSceneColor:0]]
[2022.02.21-06.00.55:679][  0]LogConfig: Setting CVar [[r.SceneColorFormat:4]]
[2022.02.21-06.00.55:679][  0]LogConfig: Setting CVar [[r.DetailMode:2]]
[2022.02.21-06.00.55:679][  0]LogConfig: Setting CVar [[r.TranslucencyVolumeBlur:1]]
[2022.02.21-06.00.55:679][  0]LogConfig: Setting CVar [[r.MaterialQualityLevel:1 ; High quality]]
[2022.02.21-06.00.55:679][  0]LogConfig: Setting CVar [[r.AnisotropicMaterials:1]]
[2022.02.21-06.00.55:679][  0]LogConfig: Setting CVar [[r.SSS.Scale:1]]
[2022.02.21-06.00.55:679][  0]LogConfig: Setting CVar [[r.SSS.SampleSet:2]]
[2022.02.21-06.00.55:679][  0]LogConfig: Setting CVar [[r.SSS.Quality:1]]
[2022.02.21-06.00.55:679][  0]LogConfig: Setting CVar [[r.SSS.HalfRes:0]]
[2022.02.21-06.00.55:680][  0]LogConfig: Setting CVar [[r.SSGI.Quality:3]]
[2022.02.21-06.00.55:680][  0]LogConfig: Setting CVar [[r.EmitterSpawnRateScale:1.0]]
[2022.02.21-06.00.55:680][  0]LogConfig: Setting CVar [[r.ParticleLightQuality:2]]
[2022.02.21-06.00.55:680][  0]LogConfig: Setting CVar [[r.SkyAtmosphere.AerialPerspectiveLUT.FastApplyOnOpaque:1 ; Always have FastSkyLUT 1 in this case to avoid wrong sky]]
[2022.02.21-06.00.55:680][  0]LogConfig: Setting CVar [[r.SkyAtmosphere.AerialPerspectiveLUT.SampleCountMaxPerSlice:4]]
[2022.02.21-06.00.55:680][  0]LogConfig: Setting CVar [[r.SkyAtmosphere.AerialPerspectiveLUT.DepthResolution:16.0]]
[2022.02.21-06.00.55:680][  0]LogConfig: Setting CVar [[r.SkyAtmosphere.FastSkyLUT:1]]
[2022.02.21-06.00.55:680][  0]LogConfig: Setting CVar [[r.SkyAtmosphere.FastSkyLUT.SampleCountMin:4.0]]
[2022.02.21-06.00.55:680][  0]LogConfig: Setting CVar [[r.SkyAtmosphere.FastSkyLUT.SampleCountMax:128.0]]
[2022.02.21-06.00.55:680][  0]LogConfig: Setting CVar [[r.SkyAtmosphere.SampleCountMin:4.0]]
[2022.02.21-06.00.55:680][  0]LogConfig: Setting CVar [[r.SkyAtmosphere.SampleCountMax:128.0]]
[2022.02.21-06.00.55:680][  0]LogConfig: Setting CVar [[r.SkyAtmosphere.TransmittanceLUT.UseSmallFormat:0]]
[2022.02.21-06.00.55:680][  0]LogConfig: Setting CVar [[r.SkyAtmosphere.TransmittanceLUT.SampleCount:10.0]]
[2022.02.21-06.00.55:680][  0]LogConfig: Setting CVar [[r.SkyAtmosphere.MultiScatteringLUT.SampleCount:15.0]]
[2022.02.21-06.00.55:680][  0]LogConfig: Setting CVar [[r.SkyLight.RealTimeReflectionCapture:1]]
[2022.02.21-06.00.55:680][  0]LogConfig: Applying CVar settings from Section [FoliageQuality@3] File [D:/UnrealProjects/MarbleRun/Saved/Config/Windows/Scalability.ini]
[2022.02.21-06.00.55:680][  0]LogConfig: Setting CVar [[foliage.DensityScale:1.0]]
[2022.02.21-06.00.55:680][  0]LogConfig: Setting CVar [[grass.DensityScale:1.0]]
[2022.02.21-06.00.55:680][  0]LogConfig: Applying CVar settings from Section [ShadingQuality@3] File [D:/UnrealProjects/MarbleRun/Saved/Config/Windows/Scalability.ini]
[2022.02.21-06.00.55:680][  0]LogConfig: Setting CVar [[r.HairStrands.SkyLighting.IntegrationType:2]]
[2022.02.21-06.00.55:680][  0]LogConfig: Setting CVar [[r.HairStrands.SkyAO.SampleCount:4]]
[2022.02.21-06.00.55:680][  0]LogConfig: Setting CVar [[r.HairStrands.Visibility.MSAA.SamplePerPixel:4]]
[2022.02.21-06.00.55:680][  0]LogInit: Selected Device Profile: [Windows]
[2022.02.21-06.00.55:680][  0]LogInit: Applying CVar settings loaded from the selected device profile: [Windows]
[2022.02.21-06.00.55:680][  0]LogHAL: Display: Platform has ~ 64 GB [68586868736 / 68719476736 / 64], which maps to Largest [LargestMinGB=32, LargerMinGB=12, DefaultMinGB=8, SmallerMinGB=6, SmallestMinGB=0)
[2022.02.21-06.00.55:680][  0]LogInit: Going up to parent DeviceProfile []
[2022.02.21-06.00.55:680][  0]LogConfig: Applying CVar settings from Section [ViewDistanceQuality@3] File [D:/UnrealProjects/MarbleRun/Saved/Config/Windows/Scalability.ini]
[2022.02.21-06.00.55:680][  0]LogConfig: Setting CVar [[r.SkeletalMeshLODBias:0]]
[2022.02.21-06.00.55:680][  0]LogConfig: Setting CVar [[r.ViewDistanceScale:1.0]]
[2022.02.21-06.00.55:680][  0]LogConfig: Applying CVar settings from Section [AntiAliasingQuality@3] File [D:/UnrealProjects/MarbleRun/Saved/Config/Windows/Scalability.ini]
[2022.02.21-06.00.55:680][  0]LogConfig: Setting CVar [[r.PostProcessAAQuality:4]]
[2022.02.21-06.00.55:680][  0]LogConfig: Applying CVar settings from Section [ShadowQuality@3] File [D:/UnrealProjects/MarbleRun/Saved/Config/Windows/Scalability.ini]
[2022.02.21-06.00.55:680][  0]LogConfig: Setting CVar [[r.LightFunctionQuality:1]]
[2022.02.21-06.00.55:680][  0]LogConfig: Setting CVar [[r.ShadowQuality:5]]
[2022.02.21-06.00.55:680][  0]LogConfig: Setting CVar [[r.Shadow.CSM.MaxCascades:10]]
[2022.02.21-06.00.55:680][  0]LogConfig: Setting CVar [[r.Shadow.MaxResolution:2048]]
[2022.02.21-06.00.55:680][  0]LogConfig: Setting CVar [[r.Shadow.MaxCSMResolution:2048]]
[2022.02.21-06.00.55:680][  0]LogConfig: Setting CVar [[r.Shadow.RadiusThreshold:0.01]]
[2022.02.21-06.00.55:680][  0]LogConfig: Setting CVar [[r.Shadow.DistanceScale:1.0]]
[2022.02.21-06.00.55:680][  0]LogConfig: Setting CVar [[r.Shadow.CSM.TransitionScale:1.0]]
[2022.02.21-06.00.55:680][  0]LogConfig: Setting CVar [[r.Shadow.PreShadowResolutionFactor:1.0]]
[2022.02.21-06.00.55:680][  0]LogConfig: Setting CVar [[r.DistanceFieldShadowing:1]]
[2022.02.21-06.00.55:680][  0]LogConfig: Setting CVar [[r.DistanceFieldAO:1]]
[2022.02.21-06.00.55:680][  0]LogConfig: Setting CVar [[r.AOQuality:2]]
[2022.02.21-06.00.55:680][  0]LogConfig: Setting CVar [[r.VolumetricFog:1]]
[2022.02.21-06.00.55:680][  0]LogConfig: Setting CVar [[r.VolumetricFog.GridPixelSize:8]]
[2022.02.21-06.00.55:680][  0]LogConfig: Setting CVar [[r.VolumetricFog.GridSizeZ:128]]
[2022.02.21-06.00.55:680][  0]LogConfig: Setting CVar [[r.VolumetricFog.HistoryMissSupersampleCount:4]]
[2022.02.21-06.00.55:680][  0]LogConfig: Setting CVar [[r.LightMaxDrawDistanceScale:1]]
[2022.02.21-06.00.55:680][  0]LogConfig: Setting CVar [[r.CapsuleShadows:1]]
[2022.02.21-06.00.55:680][  0]LogConfig: Applying CVar settings from Section [PostProcessQuality@3] File [D:/UnrealProjects/MarbleRun/Saved/Config/Windows/Scalability.ini]
[2022.02.21-06.00.55:680][  0]LogConfig: Setting CVar [[r.MotionBlurQuality:4]]
[2022.02.21-06.00.55:680][  0]LogConfig: Setting CVar [[r.AmbientOcclusionMipLevelFactor:0.4]]
[2022.02.21-06.00.55:680][  0]LogConfig: Setting CVar [[r.AmbientOcclusionMaxQuality:100]]
[2022.02.21-06.00.55:680][  0]LogConfig: Setting CVar [[r.AmbientOcclusionLevels:-1]]
[2022.02.21-06.00.55:680][  0]LogConfig: Setting CVar [[r.AmbientOcclusionRadiusScale:1.0]]
[2022.02.21-06.00.55:680][  0]LogConfig: Setting CVar [[r.DepthOfFieldQuality:2]]
[2022.02.21-06.00.55:680][  0]LogConfig: Setting CVar [[r.RenderTargetPoolMin:400]]
[2022.02.21-06.00.55:680][  0]LogConfig: Setting CVar [[r.LensFlareQuality:2]]
[2022.02.21-06.00.55:680][  0]LogConfig: Setting CVar [[r.SceneColorFringeQuality:1]]
[2022.02.21-06.00.55:680][  0]LogConfig: Setting CVar [[r.EyeAdaptationQuality:2]]
[2022.02.21-06.00.55:680][  0]LogConfig: Setting CVar [[r.BloomQuality:5]]
[2022.02.21-06.00.55:680][  0]LogConfig: Setting CVar [[r.FastBlurThreshold:100]]
[2022.02.21-06.00.55:680][  0]LogConfig: Setting CVar [[r.Upscale.Quality:3]]
[2022.02.21-06.00.55:680][  0]LogConfig: Setting CVar [[r.Tonemapper.GrainQuantization:1]]
[2022.02.21-06.00.55:680][  0]LogConfig: Setting CVar [[r.LightShaftQuality:1]]
[2022.02.21-06.00.55:680][  0]LogConfig: Setting CVar [[r.Filter.SizeScale:1]]
[2022.02.21-06.00.55:680][  0]LogConfig: Setting CVar [[r.Tonemapper.Quality:5]]
[2022.02.21-06.00.55:680][  0]LogConfig: Setting CVar [[r.DOF.Gather.AccumulatorQuality:1        ; higher gathering accumulator quality]]
[2022.02.21-06.00.55:680][  0]LogConfig: Setting CVar [[r.DOF.Gather.PostfilterMethod:1          ; Median3x3 postfilering method]]
[2022.02.21-06.00.55:680][  0]LogConfig: Setting CVar [[r.DOF.Gather.EnableBokehSettings:0       ; no bokeh simulation when gathering]]
[2022.02.21-06.00.55:680][  0]LogConfig: Setting CVar [[r.DOF.Gather.RingCount:4                 ; medium number of samples when gathering]]
[2022.02.21-06.00.55:680][  0]LogConfig: Setting CVar [[r.DOF.Scatter.ForegroundCompositing:1    ; additive foreground scattering]]
[2022.02.21-06.00.55:680][  0]LogConfig: Setting CVar [[r.DOF.Scatter.BackgroundCompositing:2    ; additive background scattering]]
[2022.02.21-06.00.55:680][  0]LogConfig: Setting CVar [[r.DOF.Scatter.EnableBokehSettings:1      ; bokeh simulation when scattering]]
[2022.02.21-06.00.55:680][  0]LogConfig: Setting CVar [[r.DOF.Scatter.MaxSpriteRatio:0.1         ; only a maximum of 10% of scattered bokeh]]
[2022.02.21-06.00.55:680][  0]LogConfig: Setting CVar [[r.DOF.Recombine.Quality:1                ; cheap slight out of focus]]
[2022.02.21-06.00.55:680][  0]LogConfig: Setting CVar [[r.DOF.Recombine.EnableBokehSettings:0    ; no bokeh simulation on slight out of focus]]
[2022.02.21-06.00.55:680][  0]LogConfig: Setting CVar [[r.DOF.TemporalAAQuality:1                ; more stable temporal accumulation]]
[2022.02.21-06.00.55:680][  0]LogConfig: Setting CVar [[r.DOF.Kernel.MaxForegroundRadius:0.025]]
[2022.02.21-06.00.55:680][  0]LogConfig: Setting CVar [[r.DOF.Kernel.MaxBackgroundRadius:0.025]]
[2022.02.21-06.00.55:680][  0]LogConfig: Applying CVar settings from Section [TextureQuality@3] File [D:/UnrealProjects/MarbleRun/Saved/Config/Windows/Scalability.ini]
[2022.02.21-06.00.55:680][  0]LogConfig: Setting CVar [[r.Streaming.MipBias:0]]
[2022.02.21-06.00.55:680][  0]LogConfig: Setting CVar [[r.Streaming.AmortizeCPUToGPUCopy:0]]
[2022.02.21-06.00.55:680][  0]LogConfig: Setting CVar [[r.Streaming.MaxNumTexturesToStreamPerFrame:0]]
[2022.02.21-06.00.55:680][  0]LogConfig: Setting CVar [[r.Streaming.Boost:1]]
[2022.02.21-06.00.55:680][  0]LogConfig: Setting CVar [[r.MaxAnisotropy:8]]
[2022.02.21-06.00.55:680][  0]LogConfig: Setting CVar [[r.VT.MaxAnisotropy:8]]
[2022.02.21-06.00.55:680][  0]LogConfig: Setting CVar [[r.Streaming.LimitPoolSizeToVRAM:0]]
[2022.02.21-06.00.55:680][  0]LogConfig: Setting CVar [[r.Streaming.PoolSize:1000]]
[2022.02.21-06.00.55:680][  0]LogConfig: Setting CVar [[r.Streaming.MaxEffectiveScreenSize:0]]
[2022.02.21-06.00.55:680][  0]LogConfig: Applying CVar settings from Section [EffectsQuality@3] File [D:/UnrealProjects/MarbleRun/Saved/Config/Windows/Scalability.ini]
[2022.02.21-06.00.55:680][  0]LogConfig: Setting CVar [[r.TranslucencyLightingVolumeDim:64]]
[2022.02.21-06.00.55:680][  0]LogConfig: Setting CVar [[r.RefractionQuality:2]]
[2022.02.21-06.00.55:680][  0]LogConfig: Setting CVar [[r.SSR.Quality:3]]
[2022.02.21-06.00.55:680][  0]LogConfig: Setting CVar [[r.SSR.HalfResSceneColor:0]]
[2022.02.21-06.00.55:680][  0]LogConfig: Setting CVar [[r.SceneColorFormat:4]]
[2022.02.21-06.00.55:680][  0]LogConfig: Setting CVar [[r.DetailMode:2]]
[2022.02.21-06.00.55:680][  0]LogConfig: Setting CVar [[r.TranslucencyVolumeBlur:1]]
[2022.02.21-06.00.55:680][  0]LogConfig: Setting CVar [[r.MaterialQualityLevel:1 ; High quality]]
[2022.02.21-06.00.55:680][  0]LogConfig: Setting CVar [[r.AnisotropicMaterials:1]]
[2022.02.21-06.00.55:681][  0]LogConfig: Setting CVar [[r.SSS.Scale:1]]
[2022.02.21-06.00.55:681][  0]LogConfig: Setting CVar [[r.SSS.SampleSet:2]]
[2022.02.21-06.00.55:681][  0]LogConfig: Setting CVar [[r.SSS.Quality:1]]
[2022.02.21-06.00.55:681][  0]LogConfig: Setting CVar [[r.SSS.HalfRes:0]]
[2022.02.21-06.00.55:681][  0]LogConfig: Setting CVar [[r.SSGI.Quality:3]]
[2022.02.21-06.00.55:681][  0]LogConfig: Setting CVar [[r.EmitterSpawnRateScale:1.0]]
[2022.02.21-06.00.55:681][  0]LogConfig: Setting CVar [[r.ParticleLightQuality:2]]
[2022.02.21-06.00.55:681][  0]LogConfig: Setting CVar [[r.SkyAtmosphere.AerialPerspectiveLUT.FastApplyOnOpaque:1 ; Always have FastSkyLUT 1 in this case to avoid wrong sky]]
[2022.02.21-06.00.55:681][  0]LogConfig: Setting CVar [[r.SkyAtmosphere.AerialPerspectiveLUT.SampleCountMaxPerSlice:4]]
[2022.02.21-06.00.55:681][  0]LogConfig: Setting CVar [[r.SkyAtmosphere.AerialPerspectiveLUT.DepthResolution:16.0]]
[2022.02.21-06.00.55:681][  0]LogConfig: Setting CVar [[r.SkyAtmosphere.FastSkyLUT:1]]
[2022.02.21-06.00.55:681][  0]LogConfig: Setting CVar [[r.SkyAtmosphere.FastSkyLUT.SampleCountMin:4.0]]
[2022.02.21-06.00.55:681][  0]LogConfig: Setting CVar [[r.SkyAtmosphere.FastSkyLUT.SampleCountMax:128.0]]
[2022.02.21-06.00.55:681][  0]LogConfig: Setting CVar [[r.SkyAtmosphere.SampleCountMin:4.0]]
[2022.02.21-06.00.55:681][  0]LogConfig: Setting CVar [[r.SkyAtmosphere.SampleCountMax:128.0]]
[2022.02.21-06.00.55:681][  0]LogConfig: Setting CVar [[r.SkyAtmosphere.TransmittanceLUT.UseSmallFormat:0]]
[2022.02.21-06.00.55:681][  0]LogConfig: Setting CVar [[r.SkyAtmosphere.TransmittanceLUT.SampleCount:10.0]]
[2022.02.21-06.00.55:681][  0]LogConfig: Setting CVar [[r.SkyAtmosphere.MultiScatteringLUT.SampleCount:15.0]]
[2022.02.21-06.00.55:681][  0]LogConfig: Setting CVar [[r.SkyLight.RealTimeReflectionCapture:1]]
[2022.02.21-06.00.55:681][  0]LogConfig: Applying CVar settings from Section [FoliageQuality@3] File [D:/UnrealProjects/MarbleRun/Saved/Config/Windows/Scalability.ini]
[2022.02.21-06.00.55:681][  0]LogConfig: Setting CVar [[foliage.DensityScale:1.0]]
[2022.02.21-06.00.55:681][  0]LogConfig: Setting CVar [[grass.DensityScale:1.0]]
[2022.02.21-06.00.55:681][  0]LogConfig: Applying CVar settings from Section [ShadingQuality@3] File [D:/UnrealProjects/MarbleRun/Saved/Config/Windows/Scalability.ini]
[2022.02.21-06.00.55:681][  0]LogConfig: Setting CVar [[r.HairStrands.SkyLighting.IntegrationType:2]]
[2022.02.21-06.00.55:681][  0]LogConfig: Setting CVar [[r.HairStrands.SkyAO.SampleCount:4]]
[2022.02.21-06.00.55:681][  0]LogConfig: Setting CVar [[r.HairStrands.Visibility.MSAA.SamplePerPixel:4]]
[2022.02.21-06.00.55:681][  0]LogConfig: Applying CVar settings from Section [Startup] File [../../../Engine/Config/ConsoleVariables.ini]
[2022.02.21-06.00.55:681][  0]LogConfig: Setting CVar [[net.UseAdaptiveNetUpdateFrequency:0]]
[2022.02.21-06.00.55:681][  0]LogConfig: Setting CVar [[p.chaos.AllowCreatePhysxBodies:1]]
[2022.02.21-06.00.55:681][  0]LogConfig: Setting CVar [[fx.SkipVectorVMBackendOptimizations:1]]
[2022.02.21-06.00.55:681][  0]LogConfig: Applying CVar settings from Section [ConsoleVariables] File [D:/UnrealProjects/MarbleRun/Saved/Config/Windows/Engine.ini]
[2022.02.21-06.00.55:681][  0]LogConfig: Applying CVar settings from Section [ConsoleVariables] File [D:/UnrealProjects/MarbleRun/Saved/Config/Windows/Editor.ini]
[2022.02.21-06.00.55:681][  0]LogInit: Computer: DESKTOP-N09T1BI
[2022.02.21-06.00.55:681][  0]LogInit: User: antoi
[2022.02.21-06.00.55:681][  0]LogInit: CPU Page size=4096, Cores=8
[2022.02.21-06.00.55:681][  0]LogInit: High frequency timer resolution =10.000000 MHz
[2022.02.21-06.00.55:681][  0]LogMemory: Memory total: Physical=63.9GB (64GB approx)
[2022.02.21-06.00.55:681][  0]LogMemory: Platform Memory Stats for Windows
[2022.02.21-06.00.55:681][  0]LogMemory: Process Physical Memory: 151.59 MB used, 152.11 MB peak
[2022.02.21-06.00.55:681][  0]LogMemory: Process Virtual Memory: 127.28 MB used, 127.28 MB peak
[2022.02.21-06.00.55:681][  0]LogMemory: Physical Memory: 10224.92 MB used,  55184.62 MB free, 65409.54 MB total
[2022.02.21-06.00.55:681][  0]LogMemory: Virtual Memory: 134156336.00 MB used,  61392.21 MB free, 134217728.00 MB total
[2022.02.21-06.00.55:685][  0]LogWindows: WindowsPlatformFeatures enabled
[2022.02.21-06.00.55:720][  0]LogInit: Physics initialised using underlying interface: PhysX
[2022.02.21-06.00.55:720][  0]LogInit: Using OS detected language (en-GB).
[2022.02.21-06.00.55:720][  0]LogInit: Using OS detected locale (en-GB).
[2022.02.21-06.00.55:722][  0]LogTextLocalizationManager: No specific localization for 'en-GB' exists, so the 'en' localization will be used.
[2022.02.21-06.00.55:863][  0]LogInit: Setting process to per monitor DPI aware
[2022.02.21-06.00.55:873][  0]LogWindowsTextInputMethodSystem: Display: IME system deactivated.
[2022.02.21-06.00.55:884][  0]LogSlate: New Slate User Created.  User Index 0, Is Virtual User: 0
[2022.02.21-06.00.55:884][  0]LogSlate: Slate User Registered.  User Index 0, Is Virtual User: 0
[2022.02.21-06.00.55:997][  0]LogD3D11RHI: Loaded GFSDK_Aftermath_Lib.x64.dll
[2022.02.21-06.00.55:999][  0]LogHMD: Failed to initialize OpenVR with code 110
[2022.02.21-06.00.55:999][  0]LogD3D11RHI: D3D11 min allowed feature level: 11_0
[2022.02.21-06.00.55:999][  0]LogD3D11RHI: D3D11 max allowed feature level: 11_0
[2022.02.21-06.00.55:999][  0]LogD3D11RHI: D3D11 adapters:
[2022.02.21-06.00.56:090][  0]LogD3D11RHI:    0. 'NVIDIA GeForce RTX 2080 Ti' (Feature Level 11_0)
[2022.02.21-06.00.56:090][  0]LogD3D11RHI:       11049/0/32704 MB DedicatedVideo/DedicatedSystem/SharedSystem, Outputs:1, VendorId:0x10de
[2022.02.21-06.00.56:092][  0]LogD3D11RHI:    1. 'Microsoft Basic Render Driver' (Feature Level 11_0)
[2022.02.21-06.00.56:092][  0]LogD3D11RHI:       0/0/32704 MB DedicatedVideo/DedicatedSystem/SharedSystem, Outputs:0, VendorId:0x1414
[2022.02.21-06.00.56:092][  0]LogD3D11RHI: Chosen D3D11 Adapter:
[2022.02.21-06.00.56:092][  0]LogD3D11RHI:     Description : NVIDIA GeForce RTX 2080 Ti
[2022.02.21-06.00.56:092][  0]LogD3D11RHI:     VendorId    : 10de
[2022.02.21-06.00.56:092][  0]LogD3D11RHI:     DeviceId    : 1e04
[2022.02.21-06.00.56:092][  0]LogD3D11RHI:     SubSysId    : 8550103c
[2022.02.21-06.00.56:092][  0]LogD3D11RHI:     Revision    : 00a1
[2022.02.21-06.00.56:092][  0]LogD3D11RHI:     DedicatedVideoMemory : 11585716224 bytes
[2022.02.21-06.00.56:092][  0]LogD3D11RHI:     DedicatedSystemMemory : 0 bytes
[2022.02.21-06.00.56:092][  0]LogD3D11RHI:     SharedSystemMemory : 34293434368 bytes
[2022.02.21-06.00.56:092][  0]LogD3D11RHI:     AdapterLuid : 0 63135
[2022.02.21-06.00.56:097][  0]LogD3D11RHI: Creating new Direct3DDevice
[2022.02.21-06.00.56:097][  0]LogD3D11RHI:     GPU DeviceId: 0x1e04 (for the marketing name, search the web for "GPU Device Id")
[2022.02.21-06.00.56:097][  0]LogWindows: EnumDisplayDevices:
[2022.02.21-06.00.56:097][  0]LogWindows:    0. 'NVIDIA GeForce RTX 2080 Ti' (P:1 D:1)
[2022.02.21-06.00.56:098][  0]LogWindows:    1. 'NVIDIA GeForce RTX 2080 Ti' (P:0 D:0)
[2022.02.21-06.00.56:098][  0]LogWindows:    2. 'NVIDIA GeForce RTX 2080 Ti' (P:0 D:0)
[2022.02.21-06.00.56:098][  0]LogWindows:    3. 'NVIDIA GeForce RTX 2080 Ti' (P:0 D:0)
[2022.02.21-06.00.56:098][  0]LogWindows: DebugString: FoundDriverCount:4 
[2022.02.21-06.00.56:098][  0]LogD3D11RHI:     Adapter Name: NVIDIA GeForce RTX 2080 Ti
[2022.02.21-06.00.56:098][  0]LogD3D11RHI:   Driver Version: 472.08 (internal:30.0.14.7208, unified:472.08)
[2022.02.21-06.00.56:098][  0]LogD3D11RHI:      Driver Date: 9-13-2021
[2022.02.21-06.00.56:098][  0]LogRHI: Texture pool is 7734 MB (70% of 11049 MB)
[2022.02.21-06.00.56:098][  0]LogD3D11RHI: Creating D3DDevice using adapter:
[2022.02.21-06.00.56:098][  0]LogD3D11RHI:     Description : NVIDIA GeForce RTX 2080 Ti
[2022.02.21-06.00.56:098][  0]LogD3D11RHI:     VendorId    : 10de
[2022.02.21-06.00.56:098][  0]LogD3D11RHI:     DeviceId    : 1e04
[2022.02.21-06.00.56:098][  0]LogD3D11RHI:     SubSysId    : 8550103c
[2022.02.21-06.00.56:098][  0]LogD3D11RHI:     Revision    : 00a1
[2022.02.21-06.00.56:098][  0]LogD3D11RHI:     DedicatedVideoMemory : 11585716224 bytes
[2022.02.21-06.00.56:098][  0]LogD3D11RHI:     DedicatedSystemMemory : 0 bytes
[2022.02.21-06.00.56:098][  0]LogD3D11RHI:     SharedSystemMemory : 34293434368 bytes
[2022.02.21-06.00.56:098][  0]LogD3D11RHI:     AdapterLuid : 0 63135
[2022.02.21-06.00.56:148][  0]LogD3D11RHI: RHI has support for 64 bit atomics
[2022.02.21-06.00.56:148][  0]LogD3D11RHI: Async texture creation enabled
[2022.02.21-06.00.56:148][  0]LogD3D11RHI: Array index from any shader is supported
[2022.02.21-06.00.56:173][  0]LogD3D11RHI: GPU Timing Frequency: 1000.000000 (Debug: 2 2)
[2022.02.21-06.00.56:198][  0]LogRHI: GeForceNow SDK initialized: 1
[2022.02.21-06.00.56:438][  0]LogTargetPlatformManager: Display: Loaded TargetPlatform 'AllDesktop'
[2022.02.21-06.00.56:454][  0]LogTargetPlatformManager: Display: Loaded TargetPlatform 'Android'
[2022.02.21-06.00.56:454][  0]LogTargetPlatformManager: Display: Loaded TargetPlatform 'Android_ASTC'
[2022.02.21-06.00.56:454][  0]LogTargetPlatformManager: Display: Loaded TargetPlatform 'Android_DXT'
[2022.02.21-06.00.56:454][  0]LogTargetPlatformManager: Display: Loaded TargetPlatform 'Android_ETC2'
[2022.02.21-06.00.56:454][  0]LogTargetPlatformManager: Display: Loaded TargetPlatform 'AndroidClient'
[2022.02.21-06.00.56:454][  0]LogTargetPlatformManager: Display: Loaded TargetPlatform 'Android_ASTCClient'
[2022.02.21-06.00.56:454][  0]LogTargetPlatformManager: Display: Loaded TargetPlatform 'Android_DXTClient'
[2022.02.21-06.00.56:454][  0]LogTargetPlatformManager: Display: Loaded TargetPlatform 'Android_ETC2Client'
[2022.02.21-06.00.56:454][  0]LogTargetPlatformManager: Display: Loaded TargetPlatform 'Android_Multi'
[2022.02.21-06.00.56:454][  0]LogTargetPlatformManager: Display: Loaded TargetPlatform 'Android_MultiClient'
[2022.02.21-06.00.56:469][  0]LogTargetPlatformManager: Display: Loaded TargetPlatform 'IOSClient'
[2022.02.21-06.00.56:469][  0]LogTargetPlatformManager: Display: Loaded TargetPlatform 'IOS'
[2022.02.21-06.00.56:476][  0]LogTargetPlatformManager: Display: Loaded TargetPlatform 'Linux'
[2022.02.21-06.00.56:480][  0]LogTargetPlatformManager: Display: Loaded TargetPlatform 'LinuxNoEditor'
[2022.02.21-06.00.56:483][  0]LogTargetPlatformManager: Display: Loaded TargetPlatform 'LinuxClient'
[2022.02.21-06.00.56:487][  0]LogTargetPlatformManager: Display: Loaded TargetPlatform 'LinuxServer'
[2022.02.21-06.00.56:493][  0]LogTargetPlatformManager: Display: Loaded TargetPlatform 'LinuxAArch64NoEditor'
[2022.02.21-06.00.56:497][  0]LogTargetPlatformManager: Display: Loaded TargetPlatform 'LinuxAArch64Client'
[2022.02.21-06.00.56:500][  0]LogTargetPlatformManager: Display: Loaded TargetPlatform 'LinuxAArch64Server'
[2022.02.21-06.00.56:517][  0]LogTargetPlatformManager: Display: Loaded TargetPlatform 'Lumin'
[2022.02.21-06.00.56:517][  0]LogTargetPlatformManager: Display: Loaded TargetPlatform 'LuminClient'
[2022.02.21-06.00.56:523][  0]LogTargetPlatformManager: Display: Loaded TargetPlatform 'MacNoEditor'
[2022.02.21-06.00.56:527][  0]LogTargetPlatformManager: Display: Loaded TargetPlatform 'Mac'
[2022.02.21-06.00.56:531][  0]LogTargetPlatformManager: Display: Loaded TargetPlatform 'MacClient'
[2022.02.21-06.00.56:534][  0]LogTargetPlatformManager: Display: Loaded TargetPlatform 'MacServer'
[2022.02.21-06.00.56:546][  0]LogTargetPlatformManager: Display: Loaded TargetPlatform 'TVOSClient'
[2022.02.21-06.00.56:546][  0]LogTargetPlatformManager: Display: Loaded TargetPlatform 'TVOS'
[2022.02.21-06.00.56:555][  0]LogTargetPlatformManager: Display: Loaded TargetPlatform 'WindowsNoEditor'
[2022.02.21-06.00.56:558][  0]LogTargetPlatformManager: Display: Loaded TargetPlatform 'Windows'
[2022.02.21-06.00.56:562][  0]LogTargetPlatformManager: Display: Loaded TargetPlatform 'WindowsClient'
[2022.02.21-06.00.56:565][  0]LogTargetPlatformManager: Display: Loaded TargetPlatform 'WindowsServer'
[2022.02.21-06.00.56:565][  0]LogTargetPlatformManager: Display: Building Assets For Windows
[2022.02.21-06.00.56:572][  0]LogAudioDebug: Display: Lib vorbis DLL was dynamically loaded.
[2022.02.21-06.00.56:597][  0]LogTextureFormatOodle: Display: Oodle Texture 2.9.0 init RDO Off
[2022.02.21-06.00.56:626][  0]LogRendererCore: Ray tracing is disabled. Reason: r.RayTracing=0.
[2022.02.21-06.00.56:626][  0]LogShaderCompilers: Guid format shader working directory is 3 characters bigger than the processId version (../../../../../../UnrealProjects/MarbleRun/Intermediate/Shaders/WorkingDirectory/15648/).
[2022.02.21-06.00.56:626][  0]LogShaderCompilers: Cleaned the shader compiler working directory 'C:/Users/antoi/AppData/Local/Temp/UnrealShaderWorkingDir/E25018E846D18EA8CF6A16938660AC4A/'.
[2022.02.21-06.00.56:626][  0]LogXGEController: Cannot use XGE Controller as Incredibuild is not installed on this machine.
[2022.02.21-06.00.56:626][  0]LogShaderCompilers: Cannot use XGE Shader Compiler as Incredibuild is not installed on this machine.
[2022.02.21-06.00.56:626][  0]LogShaderCompilers: Display: Using Local Shader Compiler.
[2022.02.21-06.00.57:222][  0]LogDerivedDataCache: Display: Max Cache Size: 512 MB
[2022.02.21-06.00.57:267][  0]LogDerivedDataCache: Loaded boot cache 0.04s 94MB C:/Users/antoi/AppData/Local/UnrealEngine/4.27/DerivedDataCache/Boot.ddc.
[2022.02.21-06.00.57:267][  0]LogDerivedDataCache: Display: Loaded Boot cache: C:/Users/antoi/AppData/Local/UnrealEngine/4.27/DerivedDataCache/Boot.ddc
[2022.02.21-06.00.57:267][  0]LogDerivedDataCache: FDerivedDataBackendGraph:  Pak pak cache file ../../../../../../UnrealProjects/MarbleRun/DerivedDataCache/DDC.ddp not found, will not use a pak cache.
[2022.02.21-06.00.57:267][  0]LogDerivedDataCache: Unable to find inner node Pak for hierarchical cache Hierarchy.
[2022.02.21-06.00.57:267][  0]LogDerivedDataCache: FDerivedDataBackendGraph:  CompressedPak pak cache file ../../../../../../UnrealProjects/MarbleRun/DerivedDataCache/Compressed.ddp not found, will not use a pak cache.
[2022.02.21-06.00.57:267][  0]LogDerivedDataCache: Unable to find inner node CompressedPak for hierarchical cache Hierarchy.
[2022.02.21-06.00.57:280][  0]LogDerivedDataCache: Display: Pak cache opened for reading ../../../Engine/DerivedDataCache/Compressed.ddp.
[2022.02.21-06.00.57:280][  0]LogDerivedDataCache: FDerivedDataBackendGraph:  EnterprisePak pak cache file ../../../Enterprise/DerivedDataCache/Compressed.ddp not found, will not use a pak cache.
[2022.02.21-06.00.57:280][  0]LogDerivedDataCache: Unable to find inner node EnterprisePak for hierarchical cache Hierarchy.
[2022.02.21-06.00.57:294][  0]LogDerivedDataCache: Speed tests for C:/Users/antoi/AppData/Local/UnrealEngine/Common/DerivedDataCache took 0.01 seconds
[2022.02.21-06.00.57:294][  0]LogDerivedDataCache: Display: Performance to C:/Users/antoi/AppData/Local/UnrealEngine/Common/DerivedDataCache: Latency=0.02ms. RandomReadSpeed=1227.63MBs, RandomWriteSpeed=68.77MBs. Assigned SpeedClass 'Local'
[2022.02.21-06.00.57:295][  0]LogDerivedDataCache: Using Local data cache path C:/Users/antoi/AppData/Local/UnrealEngine/Common/DerivedDataCache: Writable
[2022.02.21-06.00.57:295][  0]LogDerivedDataCache: Shared data cache path not found in *engine.ini, will not use an Shared cache.
[2022.02.21-06.00.57:295][  0]LogDerivedDataCache: Unable to find inner node Shared for hierarchical cache Hierarchy.
[2022.02.21-06.00.57:330][  0]LogSlate: Using FreeType 2.10.0
[2022.02.21-06.00.57:330][  0]LogSlate: SlateFontServices - WITH_FREETYPE: 1, WITH_HARFBUZZ: 1
[2022.02.21-06.00.57:348][  0]LogAssetRegistry: FAssetRegistry took 0.0021 seconds to start up
[2022.02.21-06.00.57:519][  0]LogInit: Selected Device Profile: [Windows]
[2022.02.21-06.00.57:519][  0]LogInit: Active device profile: [00000175F3C18D00][00000175F1C01400 49] Windows
[2022.02.21-06.00.57:519][  0]LogInit: Profiles: [00000175F3C18D00][00000175F1C01400 49] Windows, [00000175F3BEA300][00000175F1C09580 49] WindowsNoEditor, [00000175F3C19C00][00000175F1C0D700 49] WindowsServer, [00000175F3BEB100][00000175F1C11880 49] WindowsClient, [00000175F3C1A900][00000175F1C15A00 49] IOS, [00000175F3BE9A00][00000175F1C19B80 49] iPadAir, [00000175F3C1BE00][00000175F1C1C180 49] iPadAir2, [00000175F3AC1000][00000175F3E6E440 49] IPadPro, [00000175F3AC1100][00000175F3E5E480 49] iPadAir3, [00000175F3BE8C00][00000175F1C045C0 49] iPadAir4, [00000175F3AC1D00][00000175E9A62700 49] iPadMini2, [00000175F3BEB300][00000175E9AAA840 49] iPadMini3, [00000175F3AC3800][00000175E9AAE980 49] iPadMini4, [00000175F3BE9000][00000175EF6D0B00 49] iPadMini5, [00000175F3AFCA00][00000175EF6DCDC0 49] iPhone6, [00000175F3AFCB00][00000175EF6D4E00 49] iPodTouch6, [00000175F3C1AD00][00000175EF6F50C0 49] iPhone7, [00000175F3C1AE00][00000175EF6ED100 49] iPodTouch7, [00000175F3AC2300][00000175F3DF3280 49] iPhone5S, [00000175F3C19000][00000175F3DF7400 49] iPhone6Plus, [00000175F3AFC100][00000175F3E21580 49] iPhone6S, [00000175F3AC0300][00000175F3E25700 49] iPhone6SPlus, [00000175F3AFE900][00000175F3E31880 49] iPhone7Plus, [00000175F3AC2100][00000175F3E4DA00 49] iPhoneSE, [00000175F3AFE700][00000175EF741B80 49] iPhone8, [00000175F3AC0700][00000175EF744180 49] iPhone8Plus, [00000175F3AFF200][00000175EF748300 49] iPhoneX, [00000175F3C19500][00000175EF74C480 49] iPhoneXS, [00000175F3AFEC00][00000175EF750600 49] iPhoneXSMax, [00000175F3C19A00][00000175E9AB2740 49] iPhoneXR, [00000175F3AFC600][00000175EF754880 49] iPhone11, [00000175F3C1AA00][00000175EF7589C0 49] iPhone11Pro, [00000175F3AFDB00][00000175EF75CB00 49] iPhone11ProMax, [00000175F3C18F00][00000175E9912C80 49] iPhoneSE2, [00000175F3AFFB00][00000175E9916E00 49] iPhone12Mini, [00000175F3C1A300][00000175E991AF80 49] iPhone12, [00000175F3AFCC00][00000175E991F100 49] iPhone12Pro, [00000175F3C1BF00][00000175E9923280 49] iPhone12ProMax, [00000175F3AFD600][00000175F0747400 49] iPadPro105, [00000175F3C18900][00000175F074F580 49] iPadPro129, [00000175F3AFFE00][00000175E9927700 49] iPadPro97, [00000175F3C1B700][00000175E992B880 49] iPadPro2_129, [00000175F3AFED00][00000175E992FA00 49] iPad5, [00000175F3C1A100][00000175F441FB80 49] iPad6, [00000175F3AFD200][00000175F4422180 49] iPad7, [00000175F3C19100][00000175F4426300 49] iPad8, [00000175F3AFC400][00000175F442A480 49] iPadPro11, [00000175F3C18700][00000175F442E600 49] iPadPro2_11, [00000175F3AFD700][00000175F4432780 49] iPadPro3_129, [00000175F3C1B800][00000175F4436900 49] iPadPro4_129, [00000175F3AFF300][00000175EF760A40 49] AppleTV, [00000175F3C1A600][00000175F443AB80 49] AppleTV4K, [00000175F3AFEB00][00000175E952ACC0 49] TVOS, [00000175F3C18A00][00000175E949CE40 49] Mac, [00000175F3AFD400][00000175E94E8FC0 49] MacClient, [00000175F3C19D00][00000175F3FEF140 49] MacNoEditor, [00000175F3AFF600][00000175F401F2C0 49] MacServer, [00000175F3C19200][00000175F4023440 49] Linux, [00000175F3AFDD00][00000175F40275C0 49] LinuxAArch64, [00000175F3C1AB00][00000175F402B740 49] LinuxNoEditor, [00000175F3AFE400][00000175E98A58C0 49] LinuxAArch64NoEditor, [00000175F3C18600][00000175E98A9A40 49] LinuxClient, [00000175F3AFF800][00000175E98D9BC0 49] LinuxAArch64Client, [00000175F3C1A700][00000175E98E01C0 49] LinuxServer, [00000175F3AFEA00][00000175E98E4340 49] LinuxAArch64Server, [00000175F3C1B400][00000175E98E84C0 49] Android, [00000175F3AFF400][00000175E98EC640 49] Android_Low, [00000175F3C19600][00000175E94EC7C0 49] Android_Mid, [00000175F3AFF900][00000175E94F0940 49] Android_High, [00000175F3C1BD00][00000175E94F4AC0 49] Android_Default, [00000175F3AFE600][00000175E952EC00 49] Android_Adreno4xx, [00000175F3C18E00][00000175F4194D40 49] Android_Adreno5xx_Low, [00000175F3AFD000][00000175E98DCE80 49] Android_Adreno5xx, [00000175F3C19300][00000175E9504FC0 49] Android_Adreno6xx, [00000175F3BE8500][00000175E9907140 49] Android_Adreno6xx_Vulkan, [00000175F3AC2000][00000175E990B2C0 49] Android_Mali_T6xx, [00000175F3BE8600][00000175E990F440 49] Android_Mali_T7xx, [00000175F3AC0100][00000175F3F435C0 49] Android_Mali_T8xx, [00000175F3BE8100][00000175F074B740 49] Android_Mali_G71, [00000175F3AC3300][00000175F3E298C0 49] Android_Mali_G72, [00000175F3BE9500][00000175F3E2DA40 49] Android_Mali_G72_Vulkan, [00000175F3AC1700][00000175EF6F9BC0 49] Android_Mali_G76, [00000175F3BEB800][00000175EF6FC1C0 49] Android_Mali_G76_Vulkan, [00000175F3AC2900][00000175EF700340 49] Android_Mali_G77, [00000175F3BEBC00][00000175EF7044C0 49] Android_Mali_G77_Vulkan, [00000175F3AC1500][00000175EF708640 49] Android_Mali_G78, [00000175F3BEA200][00000175EF70C7C0 49] Android_Mali_G78_Vulkan, [00000175F3AC0400][00000175EF710940 49] Android_Mali_G710, [00000175F3BE8300][00000175EF714AC0 49] Android_Mali_G710_Vulkan, [00000175F3AC0200][00000175EF718C40 49] Android_Vulkan_SM5, [00000175F3BE8700][00000175E9508D80 49] Android_PowerVR_G6xxx, [00000175F3AC2400][00000175EF71CEC0 49] Android_PowerVR_GT7xxx, [00000175F3BEA800][00000175F06CF000 49] Android_PowerVR_GE8xxx, [00000175F3AC1400][00000175F06D3140 49] Android_PowerVR_GM9xxx, [00000175F3BE8200][00000175F06DB2C0 49] Android_PowerVR_GM9xxx_Vulkan, [00000175F3AC2600][00000175F06DF440 49] Android_TegraK1, [00000175F3BEBA00][00000175F06E35C0 49] Android_Unknown_Vulkan, [00000175F3AC3B00][00000175F06E7740 49] Lumin, [00000175F3BEBF00][00000175F06EB8C0 49] Lumin_Desktop, [00000175F3AC0B00][00000175F06EFA40 49] HoloLens, 
[2022.02.21-06.00.57:626][  0]LogMeshReduction: Using QuadricMeshReduction for automatic static mesh reduction
[2022.02.21-06.00.57:626][  0]LogMeshReduction: Using SimplygonMeshReduction for automatic skeletal mesh reduction
[2022.02.21-06.00.57:626][  0]LogMeshReduction: Using ProxyLODMeshReduction for automatic mesh merging
[2022.02.21-06.00.57:626][  0]LogMeshReduction: No distributed automatic mesh merging module available
[2022.02.21-06.00.57:626][  0]LogMeshMerging: No distributed automatic mesh merging module available
[2022.02.21-06.00.57:637][  0]LogNetVersion: MarbleRun 1.0.0, NetCL: 17155196, EngineNetVer: 17, GameNetVer: 0 (Checksum: 926399740)
[2022.02.21-06.00.57:898][  0]LogTexture: Default maximum texture size for cubemaps generated from long-lat sources has been changed from 512 to unlimited. In order to preserve old behaiour for '/Engine/MapTemplates/Sky/DaylightAmbientCubemap.DaylightAmbientCubemap', its maximum texture size has been explicitly set to 512.
[2022.02.21-06.00.57:937][  0]LogHMD: PokeAHoleMaterial loaded successfully
[2022.02.21-06.00.57:942][  0]LogUObjectArray: 17178 objects as part of root set at end of initial load.
[2022.02.21-06.00.57:942][  0]LogUObjectAllocator: 4302048 out of 0 bytes used by permanent object pool.
[2022.02.21-06.00.57:942][  0]LogUObjectArray: CloseDisregardForGC: 0/0 objects in disregard for GC pool
[2022.02.21-06.00.58:148][  0]LogPython: Using Python 3.7.7
[2022.02.21-06.00.58:557][  0]LogNiagaraDebuggerClient: Niagara Debugger Client Initialized | Session: CB4E4C11479E3443C251B3AEA1D6A893 | Instance: 1D84F3F34B35D5184B7CF09B97A543DD (DESKTOP-N09T1BI-15648).
[2022.02.21-06.00.58:675][  0]LogTcpMessaging: Initializing TcpMessaging bridge
[2022.02.21-06.00.58:683][  0]LogUdpMessaging: Initializing bridge on interface 0.0.0.0:0 to multicast group 230.0.0.1:6666.
[2022.02.21-06.00.58:793][  0]SourceControl: Source control is disabled
[2022.02.21-06.00.58:793][  0]SourceControl: Source control is disabled
[2022.02.21-06.00.58:796][  0]SourceControl: Source control is disabled
[2022.02.21-06.00.58:798][  0]SourceControl: Source control is disabled
[2022.02.21-06.00.58:809][  0]SourceControl: Source control is disabled
[2022.02.21-06.00.58:812][  0]LogUProjectInfo: Found projects:
[2022.02.21-06.00.58:956][  0]LogOpenImageDenoise: OIDN starting up
[2022.02.21-06.00.59:001][  0]LogAndroidPermission: UAndroidPermissionCallbackProxy::GetInstance
[2022.02.21-06.00.59:028][  0]LogAudioCaptureCore: Display: No Audio Capture implementations found. Audio input will be silent.
[2022.02.21-06.00.59:028][  0]LogAudioCaptureCore: Display: No Audio Capture implementations found. Audio input will be silent.
[2022.02.21-06.00.59:126][  0]LogCollectionManager: Loaded 0 collections in 0.000486 seconds
[2022.02.21-06.00.59:144][  0]LogFileCache: Scanning file cache for directory 'D:/UnrealProjects/MarbleRun/Saved/Collections/' took 0.00s
[2022.02.21-06.00.59:144][  0]LogFileCache: Scanning file cache for directory 'D:/UnrealProjects/MarbleRun/Content/Developers/antoi/Collections/' took 0.00s
[2022.02.21-06.00.59:144][  0]LogFileCache: Scanning file cache for directory 'D:/UnrealProjects/MarbleRun/Content/Collections/' took 0.00s
[2022.02.21-06.00.59:144][  0]LogOcInput: OculusInput pre-init called
[2022.02.21-06.00.59:324][  0]LogEngine: Initializing Engine...
[2022.02.21-06.00.59:326][  0]LogHMD: Failed to enumerate extensions. Please check that you have a valid OpenXR runtime installed.
[2022.02.21-06.00.59:326][  0]LogHMD: Failed to initialize OpenVR with code 110
[2022.02.21-06.00.59:326][  0]LogMagicLeap: Warning: VR disabled because ZI is not enabled.  To enable, in the editor, Edit -> Project Settings -> Plugins -> Magic Leap Plugin -> Enable Zero Iteration
[2022.02.21-06.00.59:326][  0]LogStats: UGameplayTagsManager::InitializeManager -  0.000 s
[2022.02.21-06.00.59:414][  0]LogInit: Initializing FReadOnlyCVARCache
[2022.02.21-06.00.59:420][  0]LogAIModule: Creating AISystem for world Untitled
[2022.02.21-06.00.59:426][  0]LogAudio: Display: Initializing Audio Device Manager...
[2022.02.21-06.00.59:429][  0]LogAudio: Display: Loading Default Audio Settings Objects...
[2022.02.21-06.00.59:429][  0]LogAudio: Display: No default SoundConcurrencyObject specified (or failed to load).
[2022.02.21-06.00.59:430][  0]LogAudio: Display: Audio Device Manager Initialized
[2022.02.21-06.00.59:430][  0]LogAudio: Display: Creating Audio Device:                 Id: 1, Scope: Shared, Realtime: True
[2022.02.21-06.00.59:430][  0]LogAudioMixer: Display: Audio Mixer Platform Settings:
[2022.02.21-06.00.59:430][  0]LogAudioMixer: Display: 	Sample Rate:						  48000
[2022.02.21-06.00.59:430][  0]LogAudioMixer: Display: 	Callback Buffer Frame Size Requested: 1024
[2022.02.21-06.00.59:430][  0]LogAudioMixer: Display: 	Callback Buffer Frame Size To Use:	  1024
[2022.02.21-06.00.59:430][  0]LogAudioMixer: Display: 	Number of buffers to queue:			  2
[2022.02.21-06.00.59:430][  0]LogAudioMixer: Display: 	Max Channels (voices):				  32
[2022.02.21-06.00.59:430][  0]LogAudioMixer: Display: 	Number of Async Source Workers:		  0
[2022.02.21-06.00.59:430][  0]LogAudio: Display: AudioDevice MaxSources: 32
[2022.02.21-06.00.59:430][  0]LogAudio: Display: Audio Spatialization Plugin: None (built-in).
[2022.02.21-06.00.59:430][  0]LogAudio: Display: Audio Reverb Plugin: None (built-in).
[2022.02.21-06.00.59:430][  0]LogAudio: Display: Audio Occlusion Plugin: None (built-in).
[2022.02.21-06.00.59:430][  0]LogAudioMixer: Display: Initializing audio mixer.
[2022.02.21-06.00.59:441][  0]LogAudioMixer: Display: 0: FrontLeft
[2022.02.21-06.00.59:441][  0]LogAudioMixer: Display: 1: FrontRight
[2022.02.21-06.00.59:465][  0]LogAudioMixer: Display: Using Audio Device VG270U (NVIDIA High Definition Audio)
[2022.02.21-06.00.59:467][  0]LogAudioMixer: Display: Initializing Sound Submixes...
[2022.02.21-06.00.59:469][  0]LogAudioMixer: Display: Creating Master Submix 'MasterSubmixDefault'
[2022.02.21-06.00.59:469][  0]LogAudioMixer: Display: Creating Master Submix 'MasterReverbSubmixDefault'
[2022.02.21-06.00.59:470][  0]LogAudioMixer: Display: Creating Master Submix 'MasterEQSubmixDefault'
[2022.02.21-06.00.59:470][  0]LogAudioMixer: FMixerPlatformXAudio2::StartAudioStream() called
[2022.02.21-06.00.59:470][  0]LogAudioMixer: Display: Output buffers initialized: Frames=1024, Channels=2, Samples=2048
[2022.02.21-06.00.59:471][  0]LogAudioMixer: Display: Starting AudioMixerPlatformInterface::RunInternal()
[2022.02.21-06.00.59:471][  0]LogAudioMixer: Display: FMixerPlatformXAudio2::SubmitBuffer() called for the first time
[2022.02.21-06.00.59:471][  0]LogInit: FAudioDevice initialized.
[2022.02.21-06.00.59:471][  0]LogAudio: Display: Audio Device (ID: 1) registered with world 'Untitled'.
[2022.02.21-06.00.59:471][  0]LogNetVersion: Set ProjectVersion to 1.0.0.0. Version Checksum will be recalculated on next use.
[2022.02.21-06.00.59:524][  0]LogDerivedDataCache: Saved boot cache 0.05s 94MB C:/Users/antoi/AppData/Local/UnrealEngine/4.27/DerivedDataCache/Boot.ddc.
[2022.02.21-06.00.59:526][  0]LogInit: Texture streaming: Enabled
[2022.02.21-06.00.59:537][  0]LogAnalytics: Display: [UEEditor.Rocket.Release] APIServer = https://datarouter.ol.epicgames.com/. AppVersion = 4.27.2-18319896+++UE4+Release-4.27
[2022.02.21-06.00.59:544][  0]LogEngineSessionManager: EngineSessionManager initialized
[2022.02.21-06.00.59:544][  0]LogEditorSessionSummary: Verbose: Initializing EditorSessionSummaryWriter for editor session tracking
[2022.02.21-06.00.59:553][  0]LogEditorSessionSummary: EditorSessionSummaryWriter initialized
[2022.02.21-06.00.59:580][  0]LogInit: Transaction tracking system initialized
[2022.02.21-06.00.59:597][  0]BlueprintLog: New page: Editor Load
[2022.02.21-06.00.59:644][  0]LocalizationService: Localization service is disabled
[2022.02.21-06.00.59:664][  0]TimingProfiler: Initialize
[2022.02.21-06.00.59:664][  0]TimingProfiler: OnSessionChanged
[2022.02.21-06.00.59:664][  0]LoadingProfiler: Initialize
[2022.02.21-06.00.59:665][  0]LoadingProfiler: OnSessionChanged
[2022.02.21-06.00.59:665][  0]NetworkingProfiler: Initialize
[2022.02.21-06.00.59:665][  0]NetworkingProfiler: OnSessionChanged
[2022.02.21-06.00.59:665][  0]MemoryProfiler: Initialize
[2022.02.21-06.00.59:665][  0]MemoryProfiler: OnSessionChanged
[2022.02.21-06.00.59:771][  0]LogCook: Display: CookSettings for Memory: MemoryMaxUsedVirtual 0MiB, MemoryMaxUsedPhysical 16384MiB, MemoryMinFreeVirtual 0MiB, MemoryMinFreePhysical 1024MiB
[2022.02.21-06.00.59:771][  0]LogCook: Display: Mobile HDR setting 1
[2022.02.21-06.00.59:919][  0]LogFileCache: Scanning file cache for directory 'D:/UnrealProjects/MarbleRun/Content/' took 0.00s
[2022.02.21-06.01.00:054][  0]LogInit: Display: Engine is initialized. Leaving FEngineLoop::Init()
[2022.02.21-06.01.00:059][  0]SourceControl: Source control is disabled
[2022.02.21-06.01.00:059][  0]LogUnrealEdMisc: Loading editor; pre map load, took 5.706
[2022.02.21-06.01.00:060][  0]Cmd: MAP LOAD FILE="../../../../../../UnrealProjects/MarbleRun/Content/Level1.umap" TEMPLATE=0 SHOWPROGRESS=1 FEATURELEVEL=3
[2022.02.21-06.01.00:060][  0]LightingResults: New page: Lighting Build
[2022.02.21-06.01.00:061][  0]LogWorld: UWorld::CleanupWorld for Untitled, bSessionEnded=true, bCleanupResources=true
[2022.02.21-06.01.00:061][  0]LogSlate: InvalidateAllWidgets triggered.  All widgets were invalidated
[2022.02.21-06.01.00:061][  0]MapCheck: New page: Map Check
[2022.02.21-06.01.00:061][  0]LightingResults: New page: Lighting Build
[2022.02.21-06.01.00:076][  0]LogAudio: Display: Audio Device unregistered from world 'None'.
[2022.02.21-06.01.00:078][  0]LogUObjectHash: Compacting FUObjectHashTables data took   0.64ms
[2022.02.21-06.01.00:150][  0]LogAudio: Display: Audio Device (ID: 1) registered with world 'Level1'.
[2022.02.21-06.01.00:151][  0]LogAIModule: Creating AISystem for world Level1
[2022.02.21-06.01.00:154][  0]LogEditorServer: Finished looking for orphan Actors (0.000 secs)
[2022.02.21-06.01.00:160][  0]LogUObjectHash: Compacting FUObjectHashTables data took   0.80ms
[2022.02.21-06.01.00:161][  0]Cmd: MAP CHECKDEP NOCLEARLOG
[2022.02.21-06.01.00:161][  0]MapCheck: Map check complete: 0 Error(s), 0 Warning(s), took 0.074ms to complete.
[2022.02.21-06.01.00:161][  0]LogFileHelpers: Loading map 'Level1' took 0.101
[2022.02.21-06.01.00:162][  0]LogUnrealEdMisc: Total Editor Startup Time, took 5.808
[2022.02.21-06.01.00:291][  0]LogSlate: Updating window title bar state: overlay mode, drag disabled, window buttons hidden, title bar hidden
[2022.02.21-06.01.00:296][  0]LogSlate: Updating window title bar state: overlay mode, drag disabled, window buttons hidden, title bar hidden
[2022.02.21-06.01.00:300][  0]LogSlate: Updating window title bar state: overlay mode, drag disabled, window buttons hidden, title bar hidden
[2022.02.21-06.01.00:305][  0]LogSlate: Updating window title bar state: overlay mode, drag disabled, window buttons hidden, title bar hidden
[2022.02.21-06.01.00:319][  0]LogNativeClassHierarchy: Verbose: Native class hierarchy populated in 0.0072 seconds. Added 3822 classes and 928 folders.
[2022.02.21-06.01.00:320][  0]LogNativeClassHierarchy: Verbose: Native class hierarchy updated for 'WidgetCarousel' in 0.0002 seconds. Added 0 classes and 0 folders.
[2022.02.21-06.01.00:321][  0]LogPakFile: PakFile PrimaryIndexSize=187
[2022.02.21-06.01.00:321][  0]LogPakFile: PakFile PathHashIndexSize=101
[2022.02.21-06.01.00:321][  0]LogPakFile: PakFile FullDirectoryIndexSize=148
[2022.02.21-06.01.00:321][  0]LogShaderLibrary: Display: ShaderCodeLibraryPakFileMountedCallback: PakFile 'D:/Program Files/Epic Games/UE_4.27/FeaturePacks/FP_FirstPerson.upack' (chunk index -1, root 'root:/') mounted
[2022.02.21-06.01.00:321][  0]LogShaderLibrary: Display: ShaderCodeLibraryPakFileMountedCallback: pending pak file info (ChunkID:-1 Root:root:/ File:D:/Program Files/Epic Games/UE_4.27/FeaturePacks/FP_FirstPerson.upack)
[2022.02.21-06.01.00:321][  0]LogPakFile: OnPakFileMounted2Time == 0.000042
[2022.02.21-06.01.00:322][  0]LogPakFile: PakFile PrimaryIndexSize=189
[2022.02.21-06.01.00:322][  0]LogPakFile: PakFile PathHashIndexSize=101
[2022.02.21-06.01.00:322][  0]LogPakFile: PakFile FullDirectoryIndexSize=152
[2022.02.21-06.01.00:322][  0]LogShaderLibrary: Display: ShaderCodeLibraryPakFileMountedCallback: PakFile 'D:/Program Files/Epic Games/UE_4.27/FeaturePacks/FP_FirstPersonBP.upack' (chunk index -1, root 'root:/') mounted
[2022.02.21-06.01.00:322][  0]LogShaderLibrary: Display: ShaderCodeLibraryPakFileMountedCallback: pending pak file info (ChunkID:-1 Root:root:/ File:D:/Program Files/Epic Games/UE_4.27/FeaturePacks/FP_FirstPersonBP.upack)
[2022.02.21-06.01.00:322][  0]LogPakFile: OnPakFileMounted2Time == 0.000028
[2022.02.21-06.01.00:322][  0]LogPakFile: PakFile PrimaryIndexSize=191
[2022.02.21-06.01.00:322][  0]LogPakFile: PakFile PathHashIndexSize=101
[2022.02.21-06.01.00:322][  0]LogPakFile: PakFile FullDirectoryIndexSize=160
[2022.02.21-06.01.00:322][  0]LogShaderLibrary: Display: ShaderCodeLibraryPakFileMountedCallback: PakFile 'D:/Program Files/Epic Games/UE_4.27/FeaturePacks/MobileStarterContent.upack' (chunk index -1, root 'root:/') mounted
[2022.02.21-06.01.00:322][  0]LogShaderLibrary: Display: ShaderCodeLibraryPakFileMountedCallback: pending pak file info (ChunkID:-1 Root:root:/ File:D:/Program Files/Epic Games/UE_4.27/FeaturePacks/MobileStarterContent.upack)
[2022.02.21-06.01.00:322][  0]LogPakFile: OnPakFileMounted2Time == 0.000036
[2022.02.21-06.01.00:322][  0]LogPakFile: PakFile PrimaryIndexSize=185
[2022.02.21-06.01.00:322][  0]LogPakFile: PakFile PathHashIndexSize=101
[2022.02.21-06.01.00:322][  0]LogPakFile: PakFile FullDirectoryIndexSize=148
[2022.02.21-06.01.00:322][  0]LogShaderLibrary: Display: ShaderCodeLibraryPakFileMountedCallback: PakFile 'D:/Program Files/Epic Games/UE_4.27/FeaturePacks/StarterContent.upack' (chunk index -1, root 'root:/') mounted
[2022.02.21-06.01.00:322][  0]LogShaderLibrary: Display: ShaderCodeLibraryPakFileMountedCallback: pending pak file info (ChunkID:-1 Root:root:/ File:D:/Program Files/Epic Games/UE_4.27/FeaturePacks/StarterContent.upack)
[2022.02.21-06.01.00:322][  0]LogPakFile: OnPakFileMounted2Time == 0.000029
[2022.02.21-06.01.00:323][  0]LogPakFile: PakFile PrimaryIndexSize=190
[2022.02.21-06.01.00:323][  0]LogPakFile: PakFile PathHashIndexSize=101
[2022.02.21-06.01.00:323][  0]LogPakFile: PakFile FullDirectoryIndexSize=154
[2022.02.21-06.01.00:323][  0]LogShaderLibrary: Display: ShaderCodeLibraryPakFileMountedCallback: PakFile 'D:/Program Files/Epic Games/UE_4.27/FeaturePacks/TP_2DSideScroller.upack' (chunk index -1, root 'root:/') mounted
[2022.02.21-06.01.00:323][  0]LogShaderLibrary: Display: ShaderCodeLibraryPakFileMountedCallback: pending pak file info (ChunkID:-1 Root:root:/ File:D:/Program Files/Epic Games/UE_4.27/FeaturePacks/TP_2DSideScroller.upack)
[2022.02.21-06.01.00:323][  0]LogPakFile: OnPakFileMounted2Time == 0.000025
[2022.02.21-06.01.00:323][  0]LogPakFile: PakFile PrimaryIndexSize=192
[2022.02.21-06.01.00:323][  0]LogPakFile: PakFile PathHashIndexSize=101
[2022.02.21-06.01.00:323][  0]LogPakFile: PakFile FullDirectoryIndexSize=158
[2022.02.21-06.01.00:323][  0]LogShaderLibrary: Display: ShaderCodeLibraryPakFileMountedCallback: PakFile 'D:/Program Files/Epic Games/UE_4.27/FeaturePacks/TP_2DSideScrollerBP.upack' (chunk index -1, root 'root:/') mounted
[2022.02.21-06.01.00:323][  0]LogShaderLibrary: Display: ShaderCodeLibraryPakFileMountedCallback: pending pak file info (ChunkID:-1 Root:root:/ File:D:/Program Files/Epic Games/UE_4.27/FeaturePacks/TP_2DSideScrollerBP.upack)
[2022.02.21-06.01.00:323][  0]LogPakFile: OnPakFileMounted2Time == 0.000024
[2022.02.21-06.01.00:324][  0]LogPakFile: PakFile PrimaryIndexSize=182
[2022.02.21-06.01.00:324][  0]LogPakFile: PakFile PathHashIndexSize=101
[2022.02.21-06.01.00:324][  0]LogPakFile: PakFile FullDirectoryIndexSize=138
[2022.02.21-06.01.00:324][  0]LogShaderLibrary: Display: ShaderCodeLibraryPakFileMountedCallback: PakFile 'D:/Program Files/Epic Games/UE_4.27/FeaturePacks/TP_Flying.upack' (chunk index -1, root 'root:/') mounted
[2022.02.21-06.01.00:324][  0]LogShaderLibrary: Display: ShaderCodeLibraryPakFileMountedCallback: pending pak file info (ChunkID:-1 Root:root:/ File:D:/Program Files/Epic Games/UE_4.27/FeaturePacks/TP_Flying.upack)
[2022.02.21-06.01.00:324][  0]LogPakFile: OnPakFileMounted2Time == 0.000027
[2022.02.21-06.01.00:324][  0]LogPakFile: PakFile PrimaryIndexSize=184
[2022.02.21-06.01.00:324][  0]LogPakFile: PakFile PathHashIndexSize=101
[2022.02.21-06.01.00:324][  0]LogPakFile: PakFile FullDirectoryIndexSize=142
[2022.02.21-06.01.00:324][  0]LogShaderLibrary: Display: ShaderCodeLibraryPakFileMountedCallback: PakFile 'D:/Program Files/Epic Games/UE_4.27/FeaturePacks/TP_FlyingBP.upack' (chunk index -1, root 'root:/') mounted
[2022.02.21-06.01.00:324][  0]LogShaderLibrary: Display: ShaderCodeLibraryPakFileMountedCallback: pending pak file info (ChunkID:-1 Root:root:/ File:D:/Program Files/Epic Games/UE_4.27/FeaturePacks/TP_FlyingBP.upack)
[2022.02.21-06.01.00:324][  0]LogPakFile: OnPakFileMounted2Time == 0.000024
[2022.02.21-06.01.00:324][  0]LogPakFile: PakFile PrimaryIndexSize=188
[2022.02.21-06.01.00:324][  0]LogPakFile: PakFile PathHashIndexSize=101
[2022.02.21-06.01.00:324][  0]LogPakFile: PakFile FullDirectoryIndexSize=150
[2022.02.21-06.01.00:324][  0]LogShaderLibrary: Display: ShaderCodeLibraryPakFileMountedCallback: PakFile 'D:/Program Files/Epic Games/UE_4.27/FeaturePacks/TP_HandheldARBP.upack' (chunk index -1, root 'root:/') mounted
[2022.02.21-06.01.00:324][  0]LogShaderLibrary: Display: ShaderCodeLibraryPakFileMountedCallback: pending pak file info (ChunkID:-1 Root:root:/ File:D:/Program Files/Epic Games/UE_4.27/FeaturePacks/TP_HandheldARBP.upack)
[2022.02.21-06.01.00:324][  0]LogPakFile: OnPakFileMounted2Time == 0.000033
[2022.02.21-06.01.00:325][  0]LogPakFile: PakFile PrimaryIndexSize=182
[2022.02.21-06.01.00:325][  0]LogPakFile: PakFile PathHashIndexSize=101
[2022.02.21-06.01.00:325][  0]LogPakFile: PakFile FullDirectoryIndexSize=138
[2022.02.21-06.01.00:325][  0]LogShaderLibrary: Display: ShaderCodeLibraryPakFileMountedCallback: PakFile 'D:/Program Files/Epic Games/UE_4.27/FeaturePacks/TP_Puzzle.upack' (chunk index -1, root 'root:/') mounted
[2022.02.21-06.01.00:325][  0]LogShaderLibrary: Display: ShaderCodeLibraryPakFileMountedCallback: pending pak file info (ChunkID:-1 Root:root:/ File:D:/Program Files/Epic Games/UE_4.27/FeaturePacks/TP_Puzzle.upack)
[2022.02.21-06.01.00:325][  0]LogPakFile: OnPakFileMounted2Time == 0.000025
[2022.02.21-06.01.00:325][  0]LogPakFile: PakFile PrimaryIndexSize=184
[2022.02.21-06.01.00:325][  0]LogPakFile: PakFile PathHashIndexSize=101
[2022.02.21-06.01.00:325][  0]LogPakFile: PakFile FullDirectoryIndexSize=142
[2022.02.21-06.01.00:325][  0]LogShaderLibrary: Display: ShaderCodeLibraryPakFileMountedCallback: PakFile 'D:/Program Files/Epic Games/UE_4.27/FeaturePacks/TP_PuzzleBP.upack' (chunk index -1, root 'root:/') mounted
[2022.02.21-06.01.00:325][  0]LogShaderLibrary: Display: ShaderCodeLibraryPakFileMountedCallback: pending pak file info (ChunkID:-1 Root:root:/ File:D:/Program Files/Epic Games/UE_4.27/FeaturePacks/TP_PuzzleBP.upack)
[2022.02.21-06.01.00:325][  0]LogPakFile: OnPakFileMounted2Time == 0.000024
[2022.02.21-06.01.00:326][  0]LogPakFile: PakFile PrimaryIndexSize=183
[2022.02.21-06.01.00:326][  0]LogPakFile: PakFile PathHashIndexSize=101
[2022.02.21-06.01.00:326][  0]LogPakFile: PakFile FullDirectoryIndexSize=140
[2022.02.21-06.01.00:326][  0]LogShaderLibrary: Display: ShaderCodeLibraryPakFileMountedCallback: PakFile 'D:/Program Files/Epic Games/UE_4.27/FeaturePacks/TP_Rolling.upack' (chunk index -1, root 'root:/') mounted
[2022.02.21-06.01.00:326][  0]LogShaderLibrary: Display: ShaderCodeLibraryPakFileMountedCallback: pending pak file info (ChunkID:-1 Root:root:/ File:D:/Program Files/Epic Games/UE_4.27/FeaturePacks/TP_Rolling.upack)
[2022.02.21-06.01.00:326][  0]LogPakFile: OnPakFileMounted2Time == 0.000026
[2022.02.21-06.01.00:326][  0]LogPakFile: PakFile PrimaryIndexSize=185
[2022.02.21-06.01.00:326][  0]LogPakFile: PakFile PathHashIndexSize=101
[2022.02.21-06.01.00:326][  0]LogPakFile: PakFile FullDirectoryIndexSize=144
[2022.02.21-06.01.00:326][  0]LogShaderLibrary: Display: ShaderCodeLibraryPakFileMountedCallback: PakFile 'D:/Program Files/Epic Games/UE_4.27/FeaturePacks/TP_RollingBP.upack' (chunk index -1, root 'root:/') mounted
[2022.02.21-06.01.00:326][  0]LogShaderLibrary: Display: ShaderCodeLibraryPakFileMountedCallback: pending pak file info (ChunkID:-1 Root:root:/ File:D:/Program Files/Epic Games/UE_4.27/FeaturePacks/TP_RollingBP.upack)
[2022.02.21-06.01.00:326][  0]LogPakFile: OnPakFileMounted2Time == 0.000024
[2022.02.21-06.01.00:327][  0]LogPakFile: PakFile PrimaryIndexSize=188
[2022.02.21-06.01.00:327][  0]LogPakFile: PakFile PathHashIndexSize=101
[2022.02.21-06.01.00:327][  0]LogPakFile: PakFile FullDirectoryIndexSize=150
[2022.02.21-06.01.00:327][  0]LogShaderLibrary: Display: ShaderCodeLibraryPakFileMountedCallback: PakFile 'D:/Program Files/Epic Games/UE_4.27/FeaturePacks/TP_SideScroller.upack' (chunk index -1, root 'root:/') mounted
[2022.02.21-06.01.00:327][  0]LogShaderLibrary: Display: ShaderCodeLibraryPakFileMountedCallback: pending pak file info (ChunkID:-1 Root:root:/ File:D:/Program Files/Epic Games/UE_4.27/FeaturePacks/TP_SideScroller.upack)
[2022.02.21-06.01.00:327][  0]LogPakFile: OnPakFileMounted2Time == 0.000024
[2022.02.21-06.01.00:327][  0]LogPakFile: PakFile PrimaryIndexSize=190
[2022.02.21-06.01.00:327][  0]LogPakFile: PakFile PathHashIndexSize=101
[2022.02.21-06.01.00:327][  0]LogPakFile: PakFile FullDirectoryIndexSize=154
[2022.02.21-06.01.00:327][  0]LogShaderLibrary: Display: ShaderCodeLibraryPakFileMountedCallback: PakFile 'D:/Program Files/Epic Games/UE_4.27/FeaturePacks/TP_SideScrollerBP.upack' (chunk index -1, root 'root:/') mounted
[2022.02.21-06.01.00:327][  0]LogShaderLibrary: Display: ShaderCodeLibraryPakFileMountedCallback: pending pak file info (ChunkID:-1 Root:root:/ File:D:/Program Files/Epic Games/UE_4.27/FeaturePacks/TP_SideScrollerBP.upack)
[2022.02.21-06.01.00:327][  0]LogPakFile: OnPakFileMounted2Time == 0.000024
[2022.02.21-06.01.00:327][  0]LogPakFile: PakFile PrimaryIndexSize=187
[2022.02.21-06.01.00:327][  0]LogPakFile: PakFile PathHashIndexSize=101
[2022.02.21-06.01.00:327][  0]LogPakFile: PakFile FullDirectoryIndexSize=148
[2022.02.21-06.01.00:327][  0]LogShaderLibrary: Display: ShaderCodeLibraryPakFileMountedCallback: PakFile 'D:/Program Files/Epic Games/UE_4.27/FeaturePacks/TP_ThirdPerson.upack' (chunk index -1, root 'root:/') mounted
[2022.02.21-06.01.00:327][  0]LogShaderLibrary: Display: ShaderCodeLibraryPakFileMountedCallback: pending pak file info (ChunkID:-1 Root:root:/ File:D:/Program Files/Epic Games/UE_4.27/FeaturePacks/TP_ThirdPerson.upack)
[2022.02.21-06.01.00:327][  0]LogPakFile: OnPakFileMounted2Time == 0.000025
[2022.02.21-06.01.00:328][  0]LogPakFile: PakFile PrimaryIndexSize=189
[2022.02.21-06.01.00:328][  0]LogPakFile: PakFile PathHashIndexSize=101
[2022.02.21-06.01.00:328][  0]LogPakFile: PakFile FullDirectoryIndexSize=152
[2022.02.21-06.01.00:328][  0]LogShaderLibrary: Display: ShaderCodeLibraryPakFileMountedCallback: PakFile 'D:/Program Files/Epic Games/UE_4.27/FeaturePacks/TP_ThirdPersonBP.upack' (chunk index -1, root 'root:/') mounted
[2022.02.21-06.01.00:328][  0]LogShaderLibrary: Display: ShaderCodeLibraryPakFileMountedCallback: pending pak file info (ChunkID:-1 Root:root:/ File:D:/Program Files/Epic Games/UE_4.27/FeaturePacks/TP_ThirdPersonBP.upack)
[2022.02.21-06.01.00:328][  0]LogPakFile: OnPakFileMounted2Time == 0.000030
[2022.02.21-06.01.00:328][  0]LogPakFile: PakFile PrimaryIndexSize=183
[2022.02.21-06.01.00:328][  0]LogPakFile: PakFile PathHashIndexSize=101
[2022.02.21-06.01.00:328][  0]LogPakFile: PakFile FullDirectoryIndexSize=140
[2022.02.21-06.01.00:328][  0]LogShaderLibrary: Display: ShaderCodeLibraryPakFileMountedCallback: PakFile 'D:/Program Files/Epic Games/UE_4.27/FeaturePacks/TP_TopDown.upack' (chunk index -1, root 'root:/') mounted
[2022.02.21-06.01.00:328][  0]LogShaderLibrary: Display: ShaderCodeLibraryPakFileMountedCallback: pending pak file info (ChunkID:-1 Root:root:/ File:D:/Program Files/Epic Games/UE_4.27/FeaturePacks/TP_TopDown.upack)
[2022.02.21-06.01.00:328][  0]LogPakFile: OnPakFileMounted2Time == 0.000030
[2022.02.21-06.01.00:328][  0]LogPakFile: PakFile PrimaryIndexSize=185
[2022.02.21-06.01.00:328][  0]LogPakFile: PakFile PathHashIndexSize=101
[2022.02.21-06.01.00:328][  0]LogPakFile: PakFile FullDirectoryIndexSize=144
[2022.02.21-06.01.00:328][  0]LogShaderLibrary: Display: ShaderCodeLibraryPakFileMountedCallback: PakFile 'D:/Program Files/Epic Games/UE_4.27/FeaturePacks/TP_TopDownBP.upack' (chunk index -1, root 'root:/') mounted
[2022.02.21-06.01.00:329][  0]LogShaderLibrary: Display: ShaderCodeLibraryPakFileMountedCallback: pending pak file info (ChunkID:-1 Root:root:/ File:D:/Program Files/Epic Games/UE_4.27/FeaturePacks/TP_TopDownBP.upack)
[2022.02.21-06.01.00:329][  0]LogPakFile: OnPakFileMounted2Time == 0.000031
[2022.02.21-06.01.00:329][  0]LogPakFile: PakFile PrimaryIndexSize=185
[2022.02.21-06.01.00:329][  0]LogPakFile: PakFile PathHashIndexSize=101
[2022.02.21-06.01.00:329][  0]LogPakFile: PakFile FullDirectoryIndexSize=144
[2022.02.21-06.01.00:329][  0]LogShaderLibrary: Display: ShaderCodeLibraryPakFileMountedCallback: PakFile 'D:/Program Files/Epic Games/UE_4.27/FeaturePacks/TP_TwinStick.upack' (chunk index -1, root 'root:/') mounted
[2022.02.21-06.01.00:329][  0]LogShaderLibrary: Display: ShaderCodeLibraryPakFileMountedCallback: pending pak file info (ChunkID:-1 Root:root:/ File:D:/Program Files/Epic Games/UE_4.27/FeaturePacks/TP_TwinStick.upack)
[2022.02.21-06.01.00:329][  0]LogPakFile: OnPakFileMounted2Time == 0.000024
[2022.02.21-06.01.00:329][  0]LogPakFile: PakFile PrimaryIndexSize=187
[2022.02.21-06.01.00:329][  0]LogPakFile: PakFile PathHashIndexSize=101
[2022.02.21-06.01.00:329][  0]LogPakFile: PakFile FullDirectoryIndexSize=148
[2022.02.21-06.01.00:329][  0]LogShaderLibrary: Display: ShaderCodeLibraryPakFileMountedCallback: PakFile 'D:/Program Files/Epic Games/UE_4.27/FeaturePacks/TP_TwinStickBP.upack' (chunk index -1, root 'root:/') mounted
[2022.02.21-06.01.00:329][  0]LogShaderLibrary: Display: ShaderCodeLibraryPakFileMountedCallback: pending pak file info (ChunkID:-1 Root:root:/ File:D:/Program Files/Epic Games/UE_4.27/FeaturePacks/TP_TwinStickBP.upack)
[2022.02.21-06.01.00:329][  0]LogPakFile: OnPakFileMounted2Time == 0.000026
[2022.02.21-06.01.00:330][  0]LogPakFile: PakFile PrimaryIndexSize=183
[2022.02.21-06.01.00:330][  0]LogPakFile: PakFile PathHashIndexSize=101
[2022.02.21-06.01.00:330][  0]LogPakFile: PakFile FullDirectoryIndexSize=140
[2022.02.21-06.01.00:330][  0]LogShaderLibrary: Display: ShaderCodeLibraryPakFileMountedCallback: PakFile 'D:/Program Files/Epic Games/UE_4.27/FeaturePacks/TP_Vehicle.upack' (chunk index -1, root 'root:/') mounted
[2022.02.21-06.01.00:330][  0]LogShaderLibrary: Display: ShaderCodeLibraryPakFileMountedCallback: pending pak file info (ChunkID:-1 Root:root:/ File:D:/Program Files/Epic Games/UE_4.27/FeaturePacks/TP_Vehicle.upack)
[2022.02.21-06.01.00:330][  0]LogPakFile: OnPakFileMounted2Time == 0.000024
[2022.02.21-06.01.00:330][  0]LogPakFile: PakFile PrimaryIndexSize=186
[2022.02.21-06.01.00:330][  0]LogPakFile: PakFile PathHashIndexSize=101
[2022.02.21-06.01.00:330][  0]LogPakFile: PakFile FullDirectoryIndexSize=146
[2022.02.21-06.01.00:330][  0]LogShaderLibrary: Display: ShaderCodeLibraryPakFileMountedCallback: PakFile 'D:/Program Files/Epic Games/UE_4.27/FeaturePacks/TP_VehicleAdv.upack' (chunk index -1, root 'root:/') mounted
[2022.02.21-06.01.00:330][  0]LogShaderLibrary: Display: ShaderCodeLibraryPakFileMountedCallback: pending pak file info (ChunkID:-1 Root:root:/ File:D:/Program Files/Epic Games/UE_4.27/FeaturePacks/TP_VehicleAdv.upack)
[2022.02.21-06.01.00:330][  0]LogPakFile: OnPakFileMounted2Time == 0.000025
[2022.02.21-06.01.00:330][  0]LogPakFile: PakFile PrimaryIndexSize=188
[2022.02.21-06.01.00:330][  0]LogPakFile: PakFile PathHashIndexSize=101
[2022.02.21-06.01.00:330][  0]LogPakFile: PakFile FullDirectoryIndexSize=150
[2022.02.21-06.01.00:330][  0]LogShaderLibrary: Display: ShaderCodeLibraryPakFileMountedCallback: PakFile 'D:/Program Files/Epic Games/UE_4.27/FeaturePacks/TP_VehicleAdvBP.upack' (chunk index -1, root 'root:/') mounted
[2022.02.21-06.01.00:330][  0]LogShaderLibrary: Display: ShaderCodeLibraryPakFileMountedCallback: pending pak file info (ChunkID:-1 Root:root:/ File:D:/Program Files/Epic Games/UE_4.27/FeaturePacks/TP_VehicleAdvBP.upack)
[2022.02.21-06.01.00:330][  0]LogPakFile: OnPakFileMounted2Time == 0.000024
[2022.02.21-06.01.00:331][  0]LogPakFile: PakFile PrimaryIndexSize=185
[2022.02.21-06.01.00:331][  0]LogPakFile: PakFile PathHashIndexSize=101
[2022.02.21-06.01.00:331][  0]LogPakFile: PakFile FullDirectoryIndexSize=144
[2022.02.21-06.01.00:331][  0]LogShaderLibrary: Display: ShaderCodeLibraryPakFileMountedCallback: PakFile 'D:/Program Files/Epic Games/UE_4.27/FeaturePacks/TP_VehicleBP.upack' (chunk index -1, root 'root:/') mounted
[2022.02.21-06.01.00:331][  0]LogShaderLibrary: Display: ShaderCodeLibraryPakFileMountedCallback: pending pak file info (ChunkID:-1 Root:root:/ File:D:/Program Files/Epic Games/UE_4.27/FeaturePacks/TP_VehicleBP.upack)
[2022.02.21-06.01.00:331][  0]LogPakFile: OnPakFileMounted2Time == 0.000026
[2022.02.21-06.01.00:331][  0]LogPakFile: PakFile PrimaryIndexSize=192
[2022.02.21-06.01.00:331][  0]LogPakFile: PakFile PathHashIndexSize=101
[2022.02.21-06.01.00:331][  0]LogPakFile: PakFile FullDirectoryIndexSize=158
[2022.02.21-06.01.00:331][  0]LogShaderLibrary: Display: ShaderCodeLibraryPakFileMountedCallback: PakFile 'D:/Program Files/Epic Games/UE_4.27/FeaturePacks/TP_VirtualRealityBP.upack' (chunk index -1, root 'root:/') mounted
[2022.02.21-06.01.00:331][  0]LogShaderLibrary: Display: ShaderCodeLibraryPakFileMountedCallback: pending pak file info (ChunkID:-1 Root:root:/ File:D:/Program Files/Epic Games/UE_4.27/FeaturePacks/TP_VirtualRealityBP.upack)
[2022.02.21-06.01.00:331][  0]LogPakFile: OnPakFileMounted2Time == 0.000027
[2022.02.21-06.01.00:371][  0]LogNativeClassHierarchy: Verbose: Native class hierarchy updated for 'AddContentDialog' in 0.0002 seconds. Added 0 classes and 0 folders.
[2022.02.21-06.01.00:372][  0]LogNativeClassHierarchy: Verbose: Native class hierarchy updated for 'SceneOutliner' in 0.0002 seconds. Added 2 classes and 0 folders.
[2022.02.21-06.01.00:410][  0]LogSlate: Took 0.000169 seconds to synchronously load lazily loaded font '../../../Engine/Content/Slate/Fonts/Roboto-Regular.ttf' (155K)
[2022.02.21-06.01.00:411][  0]LogSlate: Took 0.000125 seconds to synchronously load lazily loaded font '../../../Engine/Content/Editor/Slate/Fonts/FontAwesome.ttf' (139K)
[2022.02.21-06.01.00:411][  0]LogSlate: Took 0.000113 seconds to synchronously load lazily loaded font '../../../Engine/Content/Slate/Fonts/Roboto-Bold.ttf' (160K)
[2022.02.21-06.01.00:478][  0]LogRenderer: Reallocating scene render targets to support 1616x804 Format 10 NumSamples 1 (Frame:1).
[2022.02.21-06.01.00:583][  0]LogNativeClassHierarchy: Verbose: Native class hierarchy updated for 'HierarchicalLODOutliner' in 0.0002 seconds. Added 0 classes and 0 folders.
[2022.02.21-06.01.00:583][  0]LogLoad: (Engine Initialization) Total time: 6.23 seconds
[2022.02.21-06.01.00:583][  0]LogLoad: (Engine Initialization) Total Blueprint compile time: 0.00 seconds
[2022.02.21-06.01.00:617][  0]LogAssetRegistry: Asset discovery search completed in 3.2691 seconds
[2022.02.21-06.01.00:621][  0]LogCollectionManager: Fixed up redirectors for 0 collections in 0.000003 seconds (updated 0 objects)
[2022.02.21-06.01.00:623][  0]LogContentStreaming: Texture pool size now 1000 MB
[2022.02.21-06.01.04:352][424]LogTemp: Repeating last play command: Selected Viewport
[2022.02.21-06.01.04:358][424]LogPlayLevel: PlayLevel: No blueprints needed recompiling
[2022.02.21-06.01.04:358][424]PIE: New page: PIE session: Level1 (21 Feb 2022, 06:01:04)
[2022.02.21-06.01.04:359][424]LogOnline: OSS: Creating online subsystem instance for: NULL
[2022.02.21-06.01.04:360][424]LogOnline: OSS: TryLoadSubsystemAndSetDefault: Loaded subsystem for module [NULL]
[2022.02.21-06.01.04:360][424]LogPlayLevel: Creating play world package: /Game/UEDPIE_0_Level1
[2022.02.21-06.01.04:363][424]LogPlayLevel: PIE: StaticDuplicateObject took: (0.002744s)
[2022.02.21-06.01.04:364][424]LogAIModule: Creating AISystem for world Level1
[2022.02.21-06.01.04:364][424]LogPlayLevel: PIE: World Init took: (0.000842s)
[2022.02.21-06.01.04:364][424]LogPlayLevel: PIE: Created PIE world by copying editor world from /Game/Level1.Level1 to /Game/UEDPIE_0_Level1.Level1 (0.003664s)
[2022.02.21-06.01.04:375][424]LogUObjectHash: Compacting FUObjectHashTables data took   0.62ms
[2022.02.21-06.01.04:376][424]LogAudio: Display: Creating Audio Device:                 Id: 2, Scope: Unique, Realtime: True
[2022.02.21-06.01.04:376][424]LogAudioMixer: Display: Audio Mixer Platform Settings:
[2022.02.21-06.01.04:376][424]LogAudioMixer: Display: 	Sample Rate:						  48000
[2022.02.21-06.01.04:376][424]LogAudioMixer: Display: 	Callback Buffer Frame Size Requested: 1024
[2022.02.21-06.01.04:376][424]LogAudioMixer: Display: 	Callback Buffer Frame Size To Use:	  1024
[2022.02.21-06.01.04:376][424]LogAudioMixer: Display: 	Number of buffers to queue:			  2
[2022.02.21-06.01.04:376][424]LogAudioMixer: Display: 	Max Channels (voices):				  32
[2022.02.21-06.01.04:376][424]LogAudioMixer: Display: 	Number of Async Source Workers:		  0
[2022.02.21-06.01.04:376][424]LogAudio: Display: AudioDevice MaxSources: 32
[2022.02.21-06.01.04:377][424]LogAudio: Display: Audio Spatialization Plugin: None (built-in).
[2022.02.21-06.01.04:377][424]LogAudio: Display: Audio Reverb Plugin: None (built-in).
[2022.02.21-06.01.04:377][424]LogAudio: Display: Audio Occlusion Plugin: None (built-in).
[2022.02.21-06.01.04:377][424]LogAudioMixer: Display: Initializing audio mixer.
[2022.02.21-06.01.04:382][424]LogAudioMixer: Display: 0: FrontLeft
[2022.02.21-06.01.04:382][424]LogAudioMixer: Display: 1: FrontRight
[2022.02.21-06.01.04:388][424]LogAudioMixer: Display: Using Audio Device VG270U (NVIDIA High Definition Audio)
[2022.02.21-06.01.04:388][424]LogAudioMixer: Display: Initializing Sound Submixes...
[2022.02.21-06.01.04:389][424]LogAudioMixer: Display: Creating Master Submix 'MasterSubmixDefault'
[2022.02.21-06.01.04:389][424]LogAudioMixer: Display: Creating Master Submix 'MasterReverbSubmixDefault'
[2022.02.21-06.01.04:389][424]LogAudioMixer: Display: Creating Master Submix 'MasterEQSubmixDefault'
[2022.02.21-06.01.04:389][424]LogAudioMixer: FMixerPlatformXAudio2::StartAudioStream() called
[2022.02.21-06.01.04:389][424]LogAudioMixer: Display: Output buffers initialized: Frames=1024, Channels=2, Samples=2048
[2022.02.21-06.01.04:390][424]LogAudioMixer: Display: Starting AudioMixerPlatformInterface::RunInternal()
[2022.02.21-06.01.04:390][424]LogAudioMixer: Display: FMixerPlatformXAudio2::SubmitBuffer() called for the first time
[2022.02.21-06.01.04:390][424]LogInit: FAudioDevice initialized.
[2022.02.21-06.01.04:390][424]LogAudio: Display: Audio Device (ID: 2) registered with world 'Level1'.
[2022.02.21-06.01.04:395][424]LogLoad: Game class is 'GameModeBase'
[2022.02.21-06.01.04:396][424]LogWorld: Bringing World /Game/UEDPIE_0_Level1.Level1 up for play (max tick rate 0) at 2022.02.21-06.01.04
[2022.02.21-06.01.04:397][424]LogLinker: Warning: Failed to load '/Game/PrototypeRunSequence': Can't find file.
[2022.02.21-06.01.04:397][424]LogLinker: Warning: Failed to load '/Game/PrototypeRunSequence': Can't find file.
[2022.02.21-06.01.04:397][424]LogUObjectGlobals: Warning: Failed to find object 'Object /Game/PrototypeRunSequence.PrototypeRunSequence'
[2022.02.21-06.01.04:397][424]LogWorld: Bringing up level for play took: 0.000712
[2022.02.21-06.01.04:397][424]LogOnline: OSS: Creating online subsystem instance for: :Context_1
[2022.02.21-06.01.04:399][424]LogNativeClassHierarchy: Verbose: Native class hierarchy updated for 'MovieSceneCapture' in 0.0003 seconds. Added 20 classes and 0 folders.
[2022.02.21-06.01.04:399][424]PIE: Server logged in
[2022.02.21-06.01.04:401][424]PIE: Play in editor total start time 0.047 seconds.
[2022.02.21-06.01.06:345][646]LogBlueprintUserMessages: [Level1_C_0] Welcome to Marble Maze Game!
[2022.02.21-06.01.14:018][562]LogSlate: Updating window title bar state: overlay mode, drag disabled, window buttons hidden, title bar hidden
[2022.02.21-06.01.14:018][562]LogWorld: BeginTearingDown for /Game/UEDPIE_0_Level1
[2022.02.21-06.01.14:018][562]LogWorld: UWorld::CleanupWorld for Level1, bSessionEnded=true, bCleanupResources=true
[2022.02.21-06.01.14:019][562]LogSlate: InvalidateAllWidgets triggered.  All widgets were invalidated
[2022.02.21-06.01.14:023][562]LogPlayLevel: Display: Shutting down PIE online subsystems
[2022.02.21-06.01.14:025][562]LogSlate: InvalidateAllWidgets triggered.  All widgets were invalidated
[2022.02.21-06.01.14:028][562]LogAudio: Display: Audio Device unregistered from world 'None'.
[2022.02.21-06.01.14:028][562]LogAudioMixer: FMixerPlatformXAudio2::StopAudioStream() called
[2022.02.21-06.01.14:029][562]LogAudioMixer: FMixerPlatformXAudio2::StopAudioStream() called
[2022.02.21-06.01.14:030][562]LogSlate: Updating window title bar state: overlay mode, drag disabled, window buttons hidden, title bar hidden
[2022.02.21-06.01.14:032][562]LogUObjectHash: Compacting FUObjectHashTables data took   0.52ms
[2022.02.21-06.01.14:085][566]LogPlayLevel: Display: Destroying online subsystem :Context_1
[2022.02.21-06.01.15:157][694]LogTemp: Repeating last play command: Selected Viewport
[2022.02.21-06.01.15:166][694]LogPlayLevel: PlayLevel: No blueprints needed recompiling
[2022.02.21-06.01.15:166][694]PIE: New page: PIE session: Level1 (21 Feb 2022, 06:01:15)
[2022.02.21-06.01.15:194][694]LogPlayLevel: Creating play world package: /Game/UEDPIE_0_Level1
[2022.02.21-06.01.15:197][694]LogPlayLevel: PIE: StaticDuplicateObject took: (0.003113s)
[2022.02.21-06.01.15:198][694]LogAIModule: Creating AISystem for world Level1
[2022.02.21-06.01.15:198][694]LogPlayLevel: PIE: World Init took: (0.000927s)
[2022.02.21-06.01.15:198][694]LogPlayLevel: PIE: Created PIE world by copying editor world from /Game/Level1.Level1 to /Game/UEDPIE_0_Level1.Level1 (0.004154s)
[2022.02.21-06.01.15:204][694]LogUObjectHash: Compacting FUObjectHashTables data took   0.62ms
[2022.02.21-06.01.15:204][694]LogAudio: Display: Creating Audio Device:                 Id: 3, Scope: Unique, Realtime: True
[2022.02.21-06.01.15:204][694]LogAudioMixer: Display: Audio Mixer Platform Settings:
[2022.02.21-06.01.15:204][694]LogAudioMixer: Display: 	Sample Rate:						  48000
[2022.02.21-06.01.15:204][694]LogAudioMixer: Display: 	Callback Buffer Frame Size Requested: 1024
[2022.02.21-06.01.15:204][694]LogAudioMixer: Display: 	Callback Buffer Frame Size To Use:	  1024
[2022.02.21-06.01.15:204][694]LogAudioMixer: Display: 	Number of buffers to queue:			  2
[2022.02.21-06.01.15:204][694]LogAudioMixer: Display: 	Max Channels (voices):				  32
[2022.02.21-06.01.15:204][694]LogAudioMixer: Display: 	Number of Async Source Workers:		  0
[2022.02.21-06.01.15:204][694]LogAudio: Display: AudioDevice MaxSources: 32
[2022.02.21-06.01.15:204][694]LogAudio: Display: Audio Spatialization Plugin: None (built-in).
[2022.02.21-06.01.15:204][694]LogAudio: Display: Audio Reverb Plugin: None (built-in).
[2022.02.21-06.01.15:205][694]LogAudio: Display: Audio Occlusion Plugin: None (built-in).
[2022.02.21-06.01.15:205][694]LogAudioMixer: Display: Initializing audio mixer.
[2022.02.21-06.01.15:210][694]LogAudioMixer: Display: 0: FrontLeft
[2022.02.21-06.01.15:210][694]LogAudioMixer: Display: 1: FrontRight
[2022.02.21-06.01.15:217][694]LogAudioMixer: Display: Using Audio Device VG270U (NVIDIA High Definition Audio)
[2022.02.21-06.01.15:217][694]LogAudioMixer: Display: Initializing Sound Submixes...
[2022.02.21-06.01.15:217][694]LogAudioMixer: Display: Creating Master Submix 'MasterSubmixDefault'
[2022.02.21-06.01.15:217][694]LogAudioMixer: Display: Creating Master Submix 'MasterReverbSubmixDefault'
[2022.02.21-06.01.15:217][694]LogAudioMixer: Display: Creating Master Submix 'MasterEQSubmixDefault'
[2022.02.21-06.01.15:217][694]LogAudioMixer: FMixerPlatformXAudio2::StartAudioStream() called
[2022.02.21-06.01.15:217][694]LogAudioMixer: Display: Output buffers initialized: Frames=1024, Channels=2, Samples=2048
[2022.02.21-06.01.15:218][694]LogAudioMixer: Display: Starting AudioMixerPlatformInterface::RunInternal()
[2022.02.21-06.01.15:218][694]LogAudioMixer: Display: FMixerPlatformXAudio2::SubmitBuffer() called for the first time
[2022.02.21-06.01.15:218][694]LogInit: FAudioDevice initialized.
[2022.02.21-06.01.15:218][694]LogAudio: Display: Audio Device (ID: 3) registered with world 'Level1'.
[2022.02.21-06.01.15:223][694]LogLoad: Game class is 'GameModeBase'
[2022.02.21-06.01.15:224][694]LogWorld: Bringing World /Game/UEDPIE_0_Level1.Level1 up for play (max tick rate 0) at 2022.02.21-06.01.15
[2022.02.21-06.01.15:224][694]LogWorld: Bringing up level for play took: 0.000562
[2022.02.21-06.01.15:224][694]LogOnline: OSS: Creating online subsystem instance for: :Context_2
[2022.02.21-06.01.15:226][694]PIE: Server logged in
[2022.02.21-06.01.15:226][694]PIE: Play in editor total start time 0.066 seconds.
[2022.02.21-06.01.17:151][923]LogBlueprintUserMessages: [Level1_C_0] Welcome to Marble Maze Game!
[2022.02.21-06.01.33:568][890]LogSlate: Updating window title bar state: overlay mode, drag disabled, window buttons hidden, title bar hidden
[2022.02.21-06.01.33:568][890]LogWorld: BeginTearingDown for /Game/UEDPIE_0_Level1
[2022.02.21-06.01.33:568][890]LogWorld: UWorld::CleanupWorld for Level1, bSessionEnded=true, bCleanupResources=true
[2022.02.21-06.01.33:568][890]LogSlate: InvalidateAllWidgets triggered.  All widgets were invalidated
[2022.02.21-06.01.33:577][890]LogPlayLevel: Display: Shutting down PIE online subsystems
[2022.02.21-06.01.33:578][890]LogSlate: InvalidateAllWidgets triggered.  All widgets were invalidated
[2022.02.21-06.01.33:582][890]LogSlate: Updating window title bar state: overlay mode, drag disabled, window buttons hidden, title bar hidden
[2022.02.21-06.01.33:582][890]LogAudioMixer: FMixerPlatformXAudio2::StopAudioStream() called
[2022.02.21-06.01.33:583][890]LogAudioMixer: FMixerPlatformXAudio2::StopAudioStream() called
[2022.02.21-06.01.33:585][890]LogUObjectHash: Compacting FUObjectHashTables data took   0.49ms
[2022.02.21-06.01.33:647][895]LogPlayLevel: Display: Destroying online subsystem :Context_2
